<?xml version="1.0" encoding="UTF-8"?>
<testsuite name="WizardTD.SampleTest" tests="1" skipped="0" failures="0" errors="0" timestamp="2023-10-04T04:10:59" hostname="DESKTOP-G6IO8O8" time="0.106">
  <properties/>
  <testcase name="simpleTest()" classname="WizardTD.SampleTest" time="0.106"/>
  <system-out><![CDATA[]]></system-out>
  <system-err><![CDATA[]]></system-err>
</testsuite>
