<?xml version="1.0" encoding="UTF-8"?>
<testsuite name="WizardTD.Testing" tests="12" skipped="0" failures="0" errors="0" timestamp="2023-10-20T02:28:52" hostname="DESKTOP-G6IO8O8" time="66.043">
  <properties/>
  <testcase name="spawnRandomMonster()" classname="WizardTD.Testing" time="4.603"/>
  <testcase name="monsterMakesItToWizardWhileFastForward()" classname="WizardTD.Testing" time="3.494"/>
  <testcase name="spawnMonsterWithNoHealth()" classname="WizardTD.Testing" time="3.927"/>
  <testcase name="loseAndThenClickR()" classname="WizardTD.Testing" time="11.634"/>
  <testcase name="testSomeUpgradeBranches()" classname="WizardTD.Testing" time="3.513"/>
  <testcase name="tickCheck()" classname="WizardTD.Testing" time="3.829"/>
  <testcase name="poisonScreenAndDamageMonster()" classname="WizardTD.Testing" time="7.117"/>
  <testcase name="switchManaAndPoison()" classname="WizardTD.Testing" time="3.731"/>
  <testcase name="createWave()" classname="WizardTD.Testing" time="4.535"/>
  <testcase name="spawnMonsterWithNewPathAndInSecondWave()" classname="WizardTD.Testing" time="4.905"/>
  <testcase name="shootMonsterTest()" classname="WizardTD.Testing" time="9.449"/>
  <testcase name="drawMap()" classname="WizardTD.Testing" time="5.287"/>
  <system-out><![CDATA[WizardTD.Path @ x=1, y=15 assigned rotation
WizardTD.Path @ x=1, y=16 terminals: NONE NONE
]]></system-out>
  <system-err><![CDATA[]]></system-err>
</testsuite>
