<?xml version="1.0" encoding="UTF-8"?>
<testsuite name="WizardTD.Testing" tests="7" skipped="0" failures="0" errors="0" timestamp="2023-10-14T08:49:00" hostname="DESKTOP-G6IO8O8" time="0.389">
  <properties/>
  <testcase name="spawnMonsterAndShoot()" classname="WizardTD.Testing" time="0.31"/>
  <testcase name="spawnRandomMonster()" classname="WizardTD.Testing" time="0.017"/>
  <testcase name="switchMana()" classname="WizardTD.Testing" time="0.013"/>
  <testcase name="placeTower()" classname="WizardTD.Testing" time="0.01"/>
  <testcase name="tickCheck()" classname="WizardTD.Testing" time="0.01"/>
  <testcase name="createWave()" classname="WizardTD.Testing" time="0.01"/>
  <testcase name="drawMap()" classname="WizardTD.Testing" time="0.01"/>
  <system-out><![CDATA[row 0 read
row 1 read
row 2 read
row 3 read
row 4 read
row 5 read
row 6 read
row 7 read
row 8 read
row 9 read
row 10 read
row 11 read
row 12 read
row 13 read
row 14 read
row 15 read
row 16 read
row 17 read
row 18 read
row 19 read
matrix made
WizardTD.Path @ x=0, y=1 is a spawn
WizardTD.Path @ x=0, y=1 assigned rotation
WizardTD.Path @ x=0, y=2 is a spawn
WizardTD.Path @ x=0, y=2 assigned rotation
WizardTD.Path @ x=0, y=3 is a spawn
WizardTD.Path @ x=0, y=3 assigned rotation
WizardTD.Path @ x=0, y=4 is a spawn
WizardTD.Path @ x=0, y=4 assigned rotation
WizardTD.Path @ x=0, y=5 is a spawn
WizardTD.Path @ x=0, y=5 assigned rotation
WizardTD.Path @ x=0, y=6 is a spawn
WizardTD.Path @ x=0, y=6 assigned rotation
WizardTD.Path @ x=0, y=7 is a spawn
WizardTD.Path @ x=0, y=7 assigned rotation
WizardTD.Path @ x=0, y=8 is a spawn
WizardTD.Path @ x=0, y=8 assigned rotation
WizardTD.Path @ x=0, y=9 is a spawn
WizardTD.Path @ x=0, y=9 assigned rotation
WizardTD.Path @ x=0, y=10 is a spawn
WizardTD.Path @ x=0, y=10 assigned rotation
WizardTD.Path @ x=0, y=11 is a spawn
WizardTD.Path @ x=0, y=11 assigned rotation
WizardTD.Path @ x=0, y=12 is a spawn
WizardTD.Path @ x=0, y=12 assigned rotation
WizardTD.Path @ x=0, y=13 is a spawn
WizardTD.Path @ x=0, y=13 assigned rotation
WizardTD.Path @ x=0, y=14 is a spawn
WizardTD.Path @ x=0, y=14 assigned rotation
WizardTD.Path @ x=0, y=15 is a spawn
WizardTD.Path @ x=0, y=15 assigned rotation
WizardTD.Path @ x=0, y=16 is a spawn
WizardTD.Path @ x=0, y=16 assigned rotation
WizardTD.Path @ x=0, y=17 is a spawn
WizardTD.Path @ x=0, y=17 assigned rotation
WizardTD.Path @ x=0, y=18 is a spawn
WizardTD.Path @ x=0, y=18 assigned rotation
WizardTD.Path @ x=1, y=0 is a spawn
WizardTD.Path @ x=1, y=0 assigned rotation
WizardTD.Path @ x=1, y=10 assigned rotation
WizardTD.Path @ x=1, y=19 is a spawn
WizardTD.Path @ x=1, y=19 assigned rotation
WizardTD.Path @ x=2, y=0 is a spawn
WizardTD.Path @ x=2, y=0 assigned rotation
WizardTD.Path @ x=2, y=10 assigned rotation
WizardTD.Path @ x=2, y=19 is a spawn
WizardTD.Path @ x=2, y=19 assigned rotation
WizardTD.Path @ x=3, y=0 is a spawn
WizardTD.Path @ x=3, y=0 assigned rotation
WizardTD.Path @ x=3, y=10 assigned rotation
WizardTD.Path @ x=3, y=19 is a spawn
WizardTD.Path @ x=3, y=19 assigned rotation
WizardTD.Path @ x=4, y=0 is a spawn
WizardTD.Path @ x=4, y=0 assigned rotation
WizardTD.Path @ x=4, y=10 assigned rotation
WizardTD.Path @ x=4, y=19 is a spawn
WizardTD.Path @ x=4, y=19 assigned rotation
WizardTD.Path @ x=5, y=0 is a spawn
WizardTD.Path @ x=5, y=0 assigned rotation
WizardTD.Path @ x=5, y=10 assigned rotation
WizardTD.Path @ x=5, y=19 is a spawn
WizardTD.Path @ x=5, y=19 assigned rotation
WizardTD.Path @ x=6, y=0 is a spawn
WizardTD.Path @ x=6, y=0 assigned rotation
WizardTD.Path @ x=6, y=10 assigned rotation
WizardTD.Path @ x=6, y=19 is a spawn
WizardTD.Path @ x=6, y=19 assigned rotation
WizardTD.Path @ x=7, y=0 is a spawn
WizardTD.Path @ x=7, y=0 assigned rotation
WizardTD.Path @ x=7, y=10 assigned rotation
WizardTD.Path @ x=7, y=19 is a spawn
WizardTD.Path @ x=7, y=19 assigned rotation
WizardTD.Path @ x=8, y=0 is a spawn
WizardTD.Path @ x=8, y=0 assigned rotation
WizardTD.Path @ x=8, y=10 assigned rotation
WizardTD.Path @ x=8, y=19 is a spawn
WizardTD.Path @ x=8, y=19 assigned rotation
WizardTD.Path @ x=9, y=0 is a spawn
WizardTD.Path @ x=9, y=0 assigned rotation
WizardTD.Path @ x=9, y=1 assigned rotation
WizardTD.Path @ x=9, y=2 assigned rotation
WizardTD.Path @ x=9, y=3 assigned rotation
WizardTD.Path @ x=9, y=4 assigned rotation
WizardTD.Path @ x=9, y=5 assigned rotation
WizardTD.Path @ x=9, y=6 assigned rotation
WizardTD.Path @ x=9, y=7 assigned rotation
WizardTD.Path @ x=9, y=8 assigned rotation
WizardTD.Path @ x=9, y=9 assigned rotation
WizardTD.Path @ x=9, y=11 assigned rotation
WizardTD.Path @ x=9, y=12 assigned rotation
WizardTD.Path @ x=9, y=13 assigned rotation
WizardTD.Path @ x=9, y=14 assigned rotation
WizardTD.Path @ x=9, y=15 assigned rotation
WizardTD.Path @ x=9, y=16 assigned rotation
WizardTD.Path @ x=9, y=17 assigned rotation
WizardTD.Path @ x=9, y=18 assigned rotation
WizardTD.Path @ x=9, y=19 is a spawn
WizardTD.Path @ x=9, y=19 assigned rotation
WizardTD.Path @ x=10, y=0 is a spawn
WizardTD.Path @ x=10, y=0 assigned rotation
WizardTD.Path @ x=10, y=10 assigned rotation
WizardTD.Path @ x=10, y=19 is a spawn
WizardTD.Path @ x=10, y=19 assigned rotation
WizardTD.Path @ x=11, y=0 is a spawn
WizardTD.Path @ x=11, y=0 assigned rotation
WizardTD.Path @ x=11, y=10 assigned rotation
WizardTD.Path @ x=11, y=19 is a spawn
WizardTD.Path @ x=11, y=19 assigned rotation
WizardTD.Path @ x=12, y=0 is a spawn
WizardTD.Path @ x=12, y=0 assigned rotation
WizardTD.Path @ x=12, y=10 assigned rotation
WizardTD.Path @ x=12, y=19 is a spawn
WizardTD.Path @ x=12, y=19 assigned rotation
WizardTD.Path @ x=13, y=0 is a spawn
WizardTD.Path @ x=13, y=0 assigned rotation
WizardTD.Path @ x=13, y=10 assigned rotation
WizardTD.Path @ x=13, y=19 is a spawn
WizardTD.Path @ x=13, y=19 assigned rotation
WizardTD.Path @ x=14, y=0 is a spawn
WizardTD.Path @ x=14, y=0 assigned rotation
WizardTD.Path @ x=14, y=10 assigned rotation
WizardTD.Path @ x=14, y=19 is a spawn
WizardTD.Path @ x=14, y=19 assigned rotation
WizardTD.Path @ x=15, y=0 is a spawn
WizardTD.Path @ x=15, y=0 assigned rotation
WizardTD.Path @ x=15, y=10 assigned rotation
WizardTD.Path @ x=15, y=19 is a spawn
WizardTD.Path @ x=15, y=19 assigned rotation
WizardTD.Path @ x=16, y=0 is a spawn
WizardTD.Path @ x=16, y=0 assigned rotation
WizardTD.Path @ x=16, y=10 assigned rotation
WizardTD.Path @ x=16, y=19 is a spawn
WizardTD.Path @ x=16, y=19 assigned rotation
WizardTD.Path @ x=17, y=0 is a spawn
WizardTD.Path @ x=17, y=0 assigned rotation
WizardTD.Path @ x=17, y=10 assigned rotation
WizardTD.Path @ x=17, y=19 is a spawn
WizardTD.Path @ x=17, y=19 assigned rotation
WizardTD.Path @ x=18, y=0 is a spawn
WizardTD.Path @ x=18, y=0 assigned rotation
WizardTD.Path @ x=18, y=10 assigned rotation
WizardTD.Path @ x=18, y=19 is a spawn
WizardTD.Path @ x=18, y=19 assigned rotation
WizardTD.Path @ x=19, y=1 is a spawn
WizardTD.Path @ x=19, y=1 assigned rotation
WizardTD.Path @ x=19, y=2 is a spawn
WizardTD.Path @ x=19, y=2 assigned rotation
WizardTD.Path @ x=19, y=3 is a spawn
WizardTD.Path @ x=19, y=3 assigned rotation
WizardTD.Path @ x=19, y=4 is a spawn
WizardTD.Path @ x=19, y=4 assigned rotation
WizardTD.Path @ x=19, y=5 is a spawn
WizardTD.Path @ x=19, y=5 assigned rotation
WizardTD.Path @ x=19, y=6 is a spawn
WizardTD.Path @ x=19, y=6 assigned rotation
WizardTD.Path @ x=19, y=7 is a spawn
WizardTD.Path @ x=19, y=7 assigned rotation
WizardTD.Path @ x=19, y=8 is a spawn
WizardTD.Path @ x=19, y=8 assigned rotation
WizardTD.Path @ x=19, y=9 is a spawn
WizardTD.Path @ x=19, y=9 assigned rotation
WizardTD.Path @ x=19, y=10 is a spawn
WizardTD.Path @ x=19, y=10 assigned rotation
WizardTD.Path @ x=19, y=11 is a spawn
WizardTD.Path @ x=19, y=11 assigned rotation
WizardTD.Path @ x=19, y=12 is a spawn
WizardTD.Path @ x=19, y=12 assigned rotation
WizardTD.Path @ x=19, y=13 is a spawn
WizardTD.Path @ x=19, y=13 assigned rotation
WizardTD.Path @ x=19, y=14 is a spawn
WizardTD.Path @ x=19, y=14 assigned rotation
WizardTD.Path @ x=19, y=15 is a spawn
WizardTD.Path @ x=19, y=15 assigned rotation
WizardTD.Path @ x=19, y=16 is a spawn
WizardTD.Path @ x=19, y=16 assigned rotation
WizardTD.Path @ x=19, y=17 is a spawn
WizardTD.Path @ x=19, y=17 assigned rotation
WizardTD.Path @ x=19, y=18 is a spawn
WizardTD.Path @ x=19, y=18 assigned rotation
Paths rotated
WizardTD.Path @ x=9, y=11 Distance: 1
WizardTD.Path @ x=9, y=11 optimal path direction UP
WizardTD.Path @ x=9, y=12 Distance: 2
WizardTD.Path @ x=9, y=12 optimal path direction UP
WizardTD.Path @ x=9, y=13 Distance: 3
WizardTD.Path @ x=9, y=13 optimal path direction UP
WizardTD.Path @ x=9, y=14 Distance: 4
WizardTD.Path @ x=9, y=14 optimal path direction UP
WizardTD.Path @ x=9, y=15 Distance: 5
WizardTD.Path @ x=9, y=15 optimal path direction UP
WizardTD.Path @ x=9, y=16 Distance: 6
WizardTD.Path @ x=9, y=16 optimal path direction UP
WizardTD.Path @ x=9, y=17 Distance: 7
WizardTD.Path @ x=9, y=17 optimal path direction UP
WizardTD.Path @ x=9, y=18 Distance: 8
WizardTD.Path @ x=9, y=18 optimal path direction UP
WizardTD.Path @ x=9, y=19 Distance: 9
WizardTD.Path @ x=9, y=19 optimal path direction UP
WizardTD.Path @ x=10, y=19 Distance: 10
WizardTD.Path @ x=10, y=19 optimal path direction LEFT
WizardTD.Path @ x=11, y=19 Distance: 11
WizardTD.Path @ x=11, y=19 optimal path direction LEFT
WizardTD.Path @ x=12, y=19 Distance: 12
WizardTD.Path @ x=12, y=19 optimal path direction LEFT
WizardTD.Path @ x=13, y=19 Distance: 13
WizardTD.Path @ x=13, y=19 optimal path direction LEFT
WizardTD.Path @ x=14, y=19 Distance: 14
WizardTD.Path @ x=14, y=19 optimal path direction LEFT
WizardTD.Path @ x=15, y=19 Distance: 15
WizardTD.Path @ x=15, y=19 optimal path direction LEFT
WizardTD.Path @ x=16, y=19 Distance: 16
WizardTD.Path @ x=16, y=19 optimal path direction LEFT
WizardTD.Path @ x=17, y=19 Distance: 17
WizardTD.Path @ x=17, y=19 optimal path direction LEFT
WizardTD.Path @ x=18, y=19 Distance: 18
WizardTD.Path @ x=18, y=19 optimal path direction LEFT
WizardTD.Path @ x=8, y=19 Distance: 10
WizardTD.Path @ x=8, y=19 optimal path direction RIGHT
WizardTD.Path @ x=7, y=19 Distance: 11
WizardTD.Path @ x=7, y=19 optimal path direction RIGHT
WizardTD.Path @ x=6, y=19 Distance: 12
WizardTD.Path @ x=6, y=19 optimal path direction RIGHT
WizardTD.Path @ x=5, y=19 Distance: 13
WizardTD.Path @ x=5, y=19 optimal path direction RIGHT
WizardTD.Path @ x=4, y=19 Distance: 14
WizardTD.Path @ x=4, y=19 optimal path direction RIGHT
WizardTD.Path @ x=3, y=19 Distance: 15
WizardTD.Path @ x=3, y=19 optimal path direction RIGHT
WizardTD.Path @ x=2, y=19 Distance: 16
WizardTD.Path @ x=2, y=19 optimal path direction RIGHT
WizardTD.Path @ x=1, y=19 Distance: 17
WizardTD.Path @ x=1, y=19 optimal path direction RIGHT
WizardTD.Path @ x=10, y=10 Distance: 1
WizardTD.Path @ x=10, y=10 optimal path direction LEFT
WizardTD.Path @ x=11, y=10 Distance: 2
WizardTD.Path @ x=11, y=10 optimal path direction LEFT
WizardTD.Path @ x=12, y=10 Distance: 3
WizardTD.Path @ x=12, y=10 optimal path direction LEFT
WizardTD.Path @ x=13, y=10 Distance: 4
WizardTD.Path @ x=13, y=10 optimal path direction LEFT
WizardTD.Path @ x=14, y=10 Distance: 5
WizardTD.Path @ x=14, y=10 optimal path direction LEFT
WizardTD.Path @ x=15, y=10 Distance: 6
WizardTD.Path @ x=15, y=10 optimal path direction LEFT
WizardTD.Path @ x=16, y=10 Distance: 7
WizardTD.Path @ x=16, y=10 optimal path direction LEFT
WizardTD.Path @ x=17, y=10 Distance: 8
WizardTD.Path @ x=17, y=10 optimal path direction LEFT
WizardTD.Path @ x=18, y=10 Distance: 9
WizardTD.Path @ x=18, y=10 optimal path direction LEFT
WizardTD.Path @ x=19, y=10 Distance: 10
WizardTD.Path @ x=19, y=10 optimal path direction LEFT
WizardTD.Path @ x=19, y=11 Distance: 11
WizardTD.Path @ x=19, y=11 optimal path direction UP
WizardTD.Path @ x=19, y=12 Distance: 12
WizardTD.Path @ x=19, y=12 optimal path direction UP
WizardTD.Path @ x=19, y=13 Distance: 13
WizardTD.Path @ x=19, y=13 optimal path direction UP
WizardTD.Path @ x=19, y=14 Distance: 14
WizardTD.Path @ x=19, y=14 optimal path direction UP
WizardTD.Path @ x=19, y=15 Distance: 15
WizardTD.Path @ x=19, y=15 optimal path direction UP
WizardTD.Path @ x=19, y=16 Distance: 16
WizardTD.Path @ x=19, y=16 optimal path direction UP
WizardTD.Path @ x=19, y=17 Distance: 17
WizardTD.Path @ x=19, y=17 optimal path direction UP
WizardTD.Path @ x=19, y=18 Distance: 18
WizardTD.Path @ x=19, y=18 optimal path direction UP
WizardTD.Path @ x=19, y=9 Distance: 11
WizardTD.Path @ x=19, y=9 optimal path direction DOWN
WizardTD.Path @ x=19, y=8 Distance: 12
WizardTD.Path @ x=19, y=8 optimal path direction DOWN
WizardTD.Path @ x=19, y=7 Distance: 13
WizardTD.Path @ x=19, y=7 optimal path direction DOWN
WizardTD.Path @ x=19, y=6 Distance: 14
WizardTD.Path @ x=19, y=6 optimal path direction DOWN
WizardTD.Path @ x=19, y=5 Distance: 15
WizardTD.Path @ x=19, y=5 optimal path direction DOWN
WizardTD.Path @ x=19, y=4 Distance: 16
WizardTD.Path @ x=19, y=4 optimal path direction DOWN
WizardTD.Path @ x=19, y=3 Distance: 17
WizardTD.Path @ x=19, y=3 optimal path direction DOWN
WizardTD.Path @ x=19, y=2 Distance: 18
WizardTD.Path @ x=19, y=2 optimal path direction DOWN
WizardTD.Path @ x=19, y=1 Distance: 19
WizardTD.Path @ x=19, y=1 optimal path direction DOWN
WizardTD.Path @ x=8, y=10 Distance: 1
WizardTD.Path @ x=8, y=10 optimal path direction RIGHT
WizardTD.Path @ x=7, y=10 Distance: 2
WizardTD.Path @ x=7, y=10 optimal path direction RIGHT
WizardTD.Path @ x=6, y=10 Distance: 3
WizardTD.Path @ x=6, y=10 optimal path direction RIGHT
WizardTD.Path @ x=5, y=10 Distance: 4
WizardTD.Path @ x=5, y=10 optimal path direction RIGHT
WizardTD.Path @ x=4, y=10 Distance: 5
WizardTD.Path @ x=4, y=10 optimal path direction RIGHT
WizardTD.Path @ x=3, y=10 Distance: 6
WizardTD.Path @ x=3, y=10 optimal path direction RIGHT
WizardTD.Path @ x=2, y=10 Distance: 7
WizardTD.Path @ x=2, y=10 optimal path direction RIGHT
WizardTD.Path @ x=1, y=10 Distance: 8
WizardTD.Path @ x=1, y=10 optimal path direction RIGHT
WizardTD.Path @ x=0, y=10 Distance: 9
WizardTD.Path @ x=0, y=10 optimal path direction RIGHT
WizardTD.Path @ x=0, y=11 Distance: 10
WizardTD.Path @ x=0, y=11 optimal path direction UP
WizardTD.Path @ x=0, y=12 Distance: 11
WizardTD.Path @ x=0, y=12 optimal path direction UP
WizardTD.Path @ x=0, y=13 Distance: 12
WizardTD.Path @ x=0, y=13 optimal path direction UP
WizardTD.Path @ x=0, y=14 Distance: 13
WizardTD.Path @ x=0, y=14 optimal path direction UP
WizardTD.Path @ x=0, y=15 Distance: 14
WizardTD.Path @ x=0, y=15 optimal path direction UP
WizardTD.Path @ x=0, y=16 Distance: 15
WizardTD.Path @ x=0, y=16 optimal path direction UP
WizardTD.Path @ x=0, y=17 Distance: 16
WizardTD.Path @ x=0, y=17 optimal path direction UP
WizardTD.Path @ x=0, y=18 Distance: 17
WizardTD.Path @ x=0, y=18 optimal path direction UP
WizardTD.Path @ x=0, y=9 Distance: 10
WizardTD.Path @ x=0, y=9 optimal path direction DOWN
WizardTD.Path @ x=0, y=8 Distance: 11
WizardTD.Path @ x=0, y=8 optimal path direction DOWN
WizardTD.Path @ x=0, y=7 Distance: 12
WizardTD.Path @ x=0, y=7 optimal path direction DOWN
WizardTD.Path @ x=0, y=6 Distance: 13
WizardTD.Path @ x=0, y=6 optimal path direction DOWN
WizardTD.Path @ x=0, y=5 Distance: 14
WizardTD.Path @ x=0, y=5 optimal path direction DOWN
WizardTD.Path @ x=0, y=4 Distance: 15
WizardTD.Path @ x=0, y=4 optimal path direction DOWN
WizardTD.Path @ x=0, y=3 Distance: 16
WizardTD.Path @ x=0, y=3 optimal path direction DOWN
WizardTD.Path @ x=0, y=2 Distance: 17
WizardTD.Path @ x=0, y=2 optimal path direction DOWN
WizardTD.Path @ x=0, y=1 Distance: 18
WizardTD.Path @ x=0, y=1 optimal path direction DOWN
WizardTD.Path @ x=9, y=9 Distance: 1
WizardTD.Path @ x=9, y=9 optimal path direction DOWN
WizardTD.Path @ x=9, y=8 Distance: 2
WizardTD.Path @ x=9, y=8 optimal path direction DOWN
WizardTD.Path @ x=9, y=7 Distance: 3
WizardTD.Path @ x=9, y=7 optimal path direction DOWN
WizardTD.Path @ x=9, y=6 Distance: 4
WizardTD.Path @ x=9, y=6 optimal path direction DOWN
WizardTD.Path @ x=9, y=5 Distance: 5
WizardTD.Path @ x=9, y=5 optimal path direction DOWN
WizardTD.Path @ x=9, y=4 Distance: 6
WizardTD.Path @ x=9, y=4 optimal path direction DOWN
WizardTD.Path @ x=9, y=3 Distance: 7
WizardTD.Path @ x=9, y=3 optimal path direction DOWN
WizardTD.Path @ x=9, y=2 Distance: 8
WizardTD.Path @ x=9, y=2 optimal path direction DOWN
WizardTD.Path @ x=9, y=1 Distance: 9
WizardTD.Path @ x=9, y=1 optimal path direction DOWN
WizardTD.Path @ x=9, y=0 Distance: 10
WizardTD.Path @ x=9, y=0 optimal path direction DOWN
WizardTD.Path @ x=10, y=0 Distance: 11
WizardTD.Path @ x=10, y=0 optimal path direction LEFT
WizardTD.Path @ x=11, y=0 Distance: 12
WizardTD.Path @ x=11, y=0 optimal path direction LEFT
WizardTD.Path @ x=12, y=0 Distance: 13
WizardTD.Path @ x=12, y=0 optimal path direction LEFT
WizardTD.Path @ x=13, y=0 Distance: 14
WizardTD.Path @ x=13, y=0 optimal path direction LEFT
WizardTD.Path @ x=14, y=0 Distance: 15
WizardTD.Path @ x=14, y=0 optimal path direction LEFT
WizardTD.Path @ x=15, y=0 Distance: 16
WizardTD.Path @ x=15, y=0 optimal path direction LEFT
WizardTD.Path @ x=16, y=0 Distance: 17
WizardTD.Path @ x=16, y=0 optimal path direction LEFT
WizardTD.Path @ x=17, y=0 Distance: 18
WizardTD.Path @ x=17, y=0 optimal path direction LEFT
WizardTD.Path @ x=18, y=0 Distance: 19
WizardTD.Path @ x=18, y=0 optimal path direction LEFT
WizardTD.Path @ x=8, y=0 Distance: 11
WizardTD.Path @ x=8, y=0 optimal path direction RIGHT
WizardTD.Path @ x=7, y=0 Distance: 12
WizardTD.Path @ x=7, y=0 optimal path direction RIGHT
WizardTD.Path @ x=6, y=0 Distance: 13
WizardTD.Path @ x=6, y=0 optimal path direction RIGHT
WizardTD.Path @ x=5, y=0 Distance: 14
WizardTD.Path @ x=5, y=0 optimal path direction RIGHT
WizardTD.Path @ x=4, y=0 Distance: 15
WizardTD.Path @ x=4, y=0 optimal path direction RIGHT
WizardTD.Path @ x=3, y=0 Distance: 16
WizardTD.Path @ x=3, y=0 optimal path direction RIGHT
WizardTD.Path @ x=2, y=0 Distance: 17
WizardTD.Path @ x=2, y=0 optimal path direction RIGHT
WizardTD.Path @ x=1, y=0 Distance: 18
WizardTD.Path @ x=1, y=0 optimal path direction RIGHT
Wave created
1800.0
upgraded range to 1 0 0 tower at (1, 1)
upgraded speed to 1 1 0 tower at (1, 1)
upgraded damage to 1 1 1 tower at (1, 1)
Created: 1 1 1 tower at (1, 1)
upgraded range to 2 1 1 tower at (1, 1)
upgraded speed to 2 2 1 tower at (1, 1)
upgraded damage to 2 2 2 tower at (1, 1)
Wave created
Created 10.0 hp monster at (0, 1)
Shot fired
row 0 read
row 1 read
row 2 read
row 3 read
row 4 read
row 5 read
row 6 read
row 7 read
row 8 read
row 9 read
row 10 read
row 11 read
row 12 read
row 13 read
row 14 read
row 15 read
row 16 read
row 17 read
row 18 read
row 19 read
matrix made
WizardTD.Path @ x=0, y=1 is a spawn
WizardTD.Path @ x=0, y=1 assigned rotation
WizardTD.Path @ x=0, y=2 is a spawn
WizardTD.Path @ x=0, y=2 assigned rotation
WizardTD.Path @ x=0, y=3 is a spawn
WizardTD.Path @ x=0, y=3 assigned rotation
WizardTD.Path @ x=0, y=4 is a spawn
WizardTD.Path @ x=0, y=4 assigned rotation
WizardTD.Path @ x=0, y=5 is a spawn
WizardTD.Path @ x=0, y=5 assigned rotation
WizardTD.Path @ x=0, y=6 is a spawn
WizardTD.Path @ x=0, y=6 assigned rotation
WizardTD.Path @ x=0, y=7 is a spawn
WizardTD.Path @ x=0, y=7 assigned rotation
WizardTD.Path @ x=0, y=8 is a spawn
WizardTD.Path @ x=0, y=8 assigned rotation
WizardTD.Path @ x=0, y=9 is a spawn
WizardTD.Path @ x=0, y=9 assigned rotation
WizardTD.Path @ x=0, y=10 is a spawn
WizardTD.Path @ x=0, y=10 assigned rotation
WizardTD.Path @ x=0, y=11 is a spawn
WizardTD.Path @ x=0, y=11 assigned rotation
WizardTD.Path @ x=0, y=12 is a spawn
WizardTD.Path @ x=0, y=12 assigned rotation
WizardTD.Path @ x=0, y=13 is a spawn
WizardTD.Path @ x=0, y=13 assigned rotation
WizardTD.Path @ x=0, y=14 is a spawn
WizardTD.Path @ x=0, y=14 assigned rotation
WizardTD.Path @ x=0, y=15 is a spawn
WizardTD.Path @ x=0, y=15 assigned rotation
WizardTD.Path @ x=0, y=16 is a spawn
WizardTD.Path @ x=0, y=16 assigned rotation
WizardTD.Path @ x=0, y=17 is a spawn
WizardTD.Path @ x=0, y=17 assigned rotation
WizardTD.Path @ x=0, y=18 is a spawn
WizardTD.Path @ x=0, y=18 assigned rotation
WizardTD.Path @ x=1, y=0 is a spawn
WizardTD.Path @ x=1, y=0 assigned rotation
WizardTD.Path @ x=1, y=10 assigned rotation
WizardTD.Path @ x=1, y=19 is a spawn
WizardTD.Path @ x=1, y=19 assigned rotation
WizardTD.Path @ x=2, y=0 is a spawn
WizardTD.Path @ x=2, y=0 assigned rotation
WizardTD.Path @ x=2, y=10 assigned rotation
WizardTD.Path @ x=2, y=19 is a spawn
WizardTD.Path @ x=2, y=19 assigned rotation
WizardTD.Path @ x=3, y=0 is a spawn
WizardTD.Path @ x=3, y=0 assigned rotation
WizardTD.Path @ x=3, y=10 assigned rotation
WizardTD.Path @ x=3, y=19 is a spawn
WizardTD.Path @ x=3, y=19 assigned rotation
WizardTD.Path @ x=4, y=0 is a spawn
WizardTD.Path @ x=4, y=0 assigned rotation
WizardTD.Path @ x=4, y=10 assigned rotation
WizardTD.Path @ x=4, y=19 is a spawn
WizardTD.Path @ x=4, y=19 assigned rotation
WizardTD.Path @ x=5, y=0 is a spawn
WizardTD.Path @ x=5, y=0 assigned rotation
WizardTD.Path @ x=5, y=10 assigned rotation
WizardTD.Path @ x=5, y=19 is a spawn
WizardTD.Path @ x=5, y=19 assigned rotation
WizardTD.Path @ x=6, y=0 is a spawn
WizardTD.Path @ x=6, y=0 assigned rotation
WizardTD.Path @ x=6, y=10 assigned rotation
WizardTD.Path @ x=6, y=19 is a spawn
WizardTD.Path @ x=6, y=19 assigned rotation
WizardTD.Path @ x=7, y=0 is a spawn
WizardTD.Path @ x=7, y=0 assigned rotation
WizardTD.Path @ x=7, y=10 assigned rotation
WizardTD.Path @ x=7, y=19 is a spawn
WizardTD.Path @ x=7, y=19 assigned rotation
WizardTD.Path @ x=8, y=0 is a spawn
WizardTD.Path @ x=8, y=0 assigned rotation
WizardTD.Path @ x=8, y=10 assigned rotation
WizardTD.Path @ x=8, y=19 is a spawn
WizardTD.Path @ x=8, y=19 assigned rotation
WizardTD.Path @ x=9, y=0 is a spawn
WizardTD.Path @ x=9, y=0 assigned rotation
WizardTD.Path @ x=9, y=1 assigned rotation
WizardTD.Path @ x=9, y=2 assigned rotation
WizardTD.Path @ x=9, y=3 assigned rotation
WizardTD.Path @ x=9, y=4 assigned rotation
WizardTD.Path @ x=9, y=5 assigned rotation
WizardTD.Path @ x=9, y=6 assigned rotation
WizardTD.Path @ x=9, y=7 assigned rotation
WizardTD.Path @ x=9, y=8 assigned rotation
WizardTD.Path @ x=9, y=9 assigned rotation
WizardTD.Path @ x=9, y=11 assigned rotation
WizardTD.Path @ x=9, y=12 assigned rotation
WizardTD.Path @ x=9, y=13 assigned rotation
WizardTD.Path @ x=9, y=14 assigned rotation
WizardTD.Path @ x=9, y=15 assigned rotation
WizardTD.Path @ x=9, y=16 assigned rotation
WizardTD.Path @ x=9, y=17 assigned rotation
WizardTD.Path @ x=9, y=18 assigned rotation
WizardTD.Path @ x=9, y=19 is a spawn
WizardTD.Path @ x=9, y=19 assigned rotation
WizardTD.Path @ x=10, y=0 is a spawn
WizardTD.Path @ x=10, y=0 assigned rotation
WizardTD.Path @ x=10, y=10 assigned rotation
WizardTD.Path @ x=10, y=19 is a spawn
WizardTD.Path @ x=10, y=19 assigned rotation
WizardTD.Path @ x=11, y=0 is a spawn
WizardTD.Path @ x=11, y=0 assigned rotation
WizardTD.Path @ x=11, y=10 assigned rotation
WizardTD.Path @ x=11, y=19 is a spawn
WizardTD.Path @ x=11, y=19 assigned rotation
WizardTD.Path @ x=12, y=0 is a spawn
WizardTD.Path @ x=12, y=0 assigned rotation
WizardTD.Path @ x=12, y=10 assigned rotation
WizardTD.Path @ x=12, y=19 is a spawn
WizardTD.Path @ x=12, y=19 assigned rotation
WizardTD.Path @ x=13, y=0 is a spawn
WizardTD.Path @ x=13, y=0 assigned rotation
WizardTD.Path @ x=13, y=10 assigned rotation
WizardTD.Path @ x=13, y=19 is a spawn
WizardTD.Path @ x=13, y=19 assigned rotation
WizardTD.Path @ x=14, y=0 is a spawn
WizardTD.Path @ x=14, y=0 assigned rotation
WizardTD.Path @ x=14, y=10 assigned rotation
WizardTD.Path @ x=14, y=19 is a spawn
WizardTD.Path @ x=14, y=19 assigned rotation
WizardTD.Path @ x=15, y=0 is a spawn
WizardTD.Path @ x=15, y=0 assigned rotation
WizardTD.Path @ x=15, y=10 assigned rotation
WizardTD.Path @ x=15, y=19 is a spawn
WizardTD.Path @ x=15, y=19 assigned rotation
WizardTD.Path @ x=16, y=0 is a spawn
WizardTD.Path @ x=16, y=0 assigned rotation
WizardTD.Path @ x=16, y=10 assigned rotation
WizardTD.Path @ x=16, y=19 is a spawn
WizardTD.Path @ x=16, y=19 assigned rotation
WizardTD.Path @ x=17, y=0 is a spawn
WizardTD.Path @ x=17, y=0 assigned rotation
WizardTD.Path @ x=17, y=10 assigned rotation
WizardTD.Path @ x=17, y=19 is a spawn
WizardTD.Path @ x=17, y=19 assigned rotation
WizardTD.Path @ x=18, y=0 is a spawn
WizardTD.Path @ x=18, y=0 assigned rotation
WizardTD.Path @ x=18, y=10 assigned rotation
WizardTD.Path @ x=18, y=19 is a spawn
WizardTD.Path @ x=18, y=19 assigned rotation
WizardTD.Path @ x=19, y=1 is a spawn
WizardTD.Path @ x=19, y=1 assigned rotation
WizardTD.Path @ x=19, y=2 is a spawn
WizardTD.Path @ x=19, y=2 assigned rotation
WizardTD.Path @ x=19, y=3 is a spawn
WizardTD.Path @ x=19, y=3 assigned rotation
WizardTD.Path @ x=19, y=4 is a spawn
WizardTD.Path @ x=19, y=4 assigned rotation
WizardTD.Path @ x=19, y=5 is a spawn
WizardTD.Path @ x=19, y=5 assigned rotation
WizardTD.Path @ x=19, y=6 is a spawn
WizardTD.Path @ x=19, y=6 assigned rotation
WizardTD.Path @ x=19, y=7 is a spawn
WizardTD.Path @ x=19, y=7 assigned rotation
WizardTD.Path @ x=19, y=8 is a spawn
WizardTD.Path @ x=19, y=8 assigned rotation
WizardTD.Path @ x=19, y=9 is a spawn
WizardTD.Path @ x=19, y=9 assigned rotation
WizardTD.Path @ x=19, y=10 is a spawn
WizardTD.Path @ x=19, y=10 assigned rotation
WizardTD.Path @ x=19, y=11 is a spawn
WizardTD.Path @ x=19, y=11 assigned rotation
WizardTD.Path @ x=19, y=12 is a spawn
WizardTD.Path @ x=19, y=12 assigned rotation
WizardTD.Path @ x=19, y=13 is a spawn
WizardTD.Path @ x=19, y=13 assigned rotation
WizardTD.Path @ x=19, y=14 is a spawn
WizardTD.Path @ x=19, y=14 assigned rotation
WizardTD.Path @ x=19, y=15 is a spawn
WizardTD.Path @ x=19, y=15 assigned rotation
WizardTD.Path @ x=19, y=16 is a spawn
WizardTD.Path @ x=19, y=16 assigned rotation
WizardTD.Path @ x=19, y=17 is a spawn
WizardTD.Path @ x=19, y=17 assigned rotation
WizardTD.Path @ x=19, y=18 is a spawn
WizardTD.Path @ x=19, y=18 assigned rotation
Paths rotated
WizardTD.Path @ x=9, y=11 Distance: 1
WizardTD.Path @ x=9, y=11 optimal path direction UP
WizardTD.Path @ x=9, y=12 Distance: 2
WizardTD.Path @ x=9, y=12 optimal path direction UP
WizardTD.Path @ x=9, y=13 Distance: 3
WizardTD.Path @ x=9, y=13 optimal path direction UP
WizardTD.Path @ x=9, y=14 Distance: 4
WizardTD.Path @ x=9, y=14 optimal path direction UP
WizardTD.Path @ x=9, y=15 Distance: 5
WizardTD.Path @ x=9, y=15 optimal path direction UP
WizardTD.Path @ x=9, y=16 Distance: 6
WizardTD.Path @ x=9, y=16 optimal path direction UP
WizardTD.Path @ x=9, y=17 Distance: 7
WizardTD.Path @ x=9, y=17 optimal path direction UP
WizardTD.Path @ x=9, y=18 Distance: 8
WizardTD.Path @ x=9, y=18 optimal path direction UP
WizardTD.Path @ x=9, y=19 Distance: 9
WizardTD.Path @ x=9, y=19 optimal path direction UP
WizardTD.Path @ x=10, y=19 Distance: 10
WizardTD.Path @ x=10, y=19 optimal path direction LEFT
WizardTD.Path @ x=11, y=19 Distance: 11
WizardTD.Path @ x=11, y=19 optimal path direction LEFT
WizardTD.Path @ x=12, y=19 Distance: 12
WizardTD.Path @ x=12, y=19 optimal path direction LEFT
WizardTD.Path @ x=13, y=19 Distance: 13
WizardTD.Path @ x=13, y=19 optimal path direction LEFT
WizardTD.Path @ x=14, y=19 Distance: 14
WizardTD.Path @ x=14, y=19 optimal path direction LEFT
WizardTD.Path @ x=15, y=19 Distance: 15
WizardTD.Path @ x=15, y=19 optimal path direction LEFT
WizardTD.Path @ x=16, y=19 Distance: 16
WizardTD.Path @ x=16, y=19 optimal path direction LEFT
WizardTD.Path @ x=17, y=19 Distance: 17
WizardTD.Path @ x=17, y=19 optimal path direction LEFT
WizardTD.Path @ x=18, y=19 Distance: 18
WizardTD.Path @ x=18, y=19 optimal path direction LEFT
WizardTD.Path @ x=8, y=19 Distance: 10
WizardTD.Path @ x=8, y=19 optimal path direction RIGHT
WizardTD.Path @ x=7, y=19 Distance: 11
WizardTD.Path @ x=7, y=19 optimal path direction RIGHT
WizardTD.Path @ x=6, y=19 Distance: 12
WizardTD.Path @ x=6, y=19 optimal path direction RIGHT
WizardTD.Path @ x=5, y=19 Distance: 13
WizardTD.Path @ x=5, y=19 optimal path direction RIGHT
WizardTD.Path @ x=4, y=19 Distance: 14
WizardTD.Path @ x=4, y=19 optimal path direction RIGHT
WizardTD.Path @ x=3, y=19 Distance: 15
WizardTD.Path @ x=3, y=19 optimal path direction RIGHT
WizardTD.Path @ x=2, y=19 Distance: 16
WizardTD.Path @ x=2, y=19 optimal path direction RIGHT
WizardTD.Path @ x=1, y=19 Distance: 17
WizardTD.Path @ x=1, y=19 optimal path direction RIGHT
WizardTD.Path @ x=10, y=10 Distance: 1
WizardTD.Path @ x=10, y=10 optimal path direction LEFT
WizardTD.Path @ x=11, y=10 Distance: 2
WizardTD.Path @ x=11, y=10 optimal path direction LEFT
WizardTD.Path @ x=12, y=10 Distance: 3
WizardTD.Path @ x=12, y=10 optimal path direction LEFT
WizardTD.Path @ x=13, y=10 Distance: 4
WizardTD.Path @ x=13, y=10 optimal path direction LEFT
WizardTD.Path @ x=14, y=10 Distance: 5
WizardTD.Path @ x=14, y=10 optimal path direction LEFT
WizardTD.Path @ x=15, y=10 Distance: 6
WizardTD.Path @ x=15, y=10 optimal path direction LEFT
WizardTD.Path @ x=16, y=10 Distance: 7
WizardTD.Path @ x=16, y=10 optimal path direction LEFT
WizardTD.Path @ x=17, y=10 Distance: 8
WizardTD.Path @ x=17, y=10 optimal path direction LEFT
WizardTD.Path @ x=18, y=10 Distance: 9
WizardTD.Path @ x=18, y=10 optimal path direction LEFT
WizardTD.Path @ x=19, y=10 Distance: 10
WizardTD.Path @ x=19, y=10 optimal path direction LEFT
WizardTD.Path @ x=19, y=11 Distance: 11
WizardTD.Path @ x=19, y=11 optimal path direction UP
WizardTD.Path @ x=19, y=12 Distance: 12
WizardTD.Path @ x=19, y=12 optimal path direction UP
WizardTD.Path @ x=19, y=13 Distance: 13
WizardTD.Path @ x=19, y=13 optimal path direction UP
WizardTD.Path @ x=19, y=14 Distance: 14
WizardTD.Path @ x=19, y=14 optimal path direction UP
WizardTD.Path @ x=19, y=15 Distance: 15
WizardTD.Path @ x=19, y=15 optimal path direction UP
WizardTD.Path @ x=19, y=16 Distance: 16
WizardTD.Path @ x=19, y=16 optimal path direction UP
WizardTD.Path @ x=19, y=17 Distance: 17
WizardTD.Path @ x=19, y=17 optimal path direction UP
WizardTD.Path @ x=19, y=18 Distance: 18
WizardTD.Path @ x=19, y=18 optimal path direction UP
WizardTD.Path @ x=19, y=9 Distance: 11
WizardTD.Path @ x=19, y=9 optimal path direction DOWN
WizardTD.Path @ x=19, y=8 Distance: 12
WizardTD.Path @ x=19, y=8 optimal path direction DOWN
WizardTD.Path @ x=19, y=7 Distance: 13
WizardTD.Path @ x=19, y=7 optimal path direction DOWN
WizardTD.Path @ x=19, y=6 Distance: 14
WizardTD.Path @ x=19, y=6 optimal path direction DOWN
WizardTD.Path @ x=19, y=5 Distance: 15
WizardTD.Path @ x=19, y=5 optimal path direction DOWN
WizardTD.Path @ x=19, y=4 Distance: 16
WizardTD.Path @ x=19, y=4 optimal path direction DOWN
WizardTD.Path @ x=19, y=3 Distance: 17
WizardTD.Path @ x=19, y=3 optimal path direction DOWN
WizardTD.Path @ x=19, y=2 Distance: 18
WizardTD.Path @ x=19, y=2 optimal path direction DOWN
WizardTD.Path @ x=19, y=1 Distance: 19
WizardTD.Path @ x=19, y=1 optimal path direction DOWN
WizardTD.Path @ x=8, y=10 Distance: 1
WizardTD.Path @ x=8, y=10 optimal path direction RIGHT
WizardTD.Path @ x=7, y=10 Distance: 2
WizardTD.Path @ x=7, y=10 optimal path direction RIGHT
WizardTD.Path @ x=6, y=10 Distance: 3
WizardTD.Path @ x=6, y=10 optimal path direction RIGHT
WizardTD.Path @ x=5, y=10 Distance: 4
WizardTD.Path @ x=5, y=10 optimal path direction RIGHT
WizardTD.Path @ x=4, y=10 Distance: 5
WizardTD.Path @ x=4, y=10 optimal path direction RIGHT
WizardTD.Path @ x=3, y=10 Distance: 6
WizardTD.Path @ x=3, y=10 optimal path direction RIGHT
WizardTD.Path @ x=2, y=10 Distance: 7
WizardTD.Path @ x=2, y=10 optimal path direction RIGHT
WizardTD.Path @ x=1, y=10 Distance: 8
WizardTD.Path @ x=1, y=10 optimal path direction RIGHT
WizardTD.Path @ x=0, y=10 Distance: 9
WizardTD.Path @ x=0, y=10 optimal path direction RIGHT
WizardTD.Path @ x=0, y=11 Distance: 10
WizardTD.Path @ x=0, y=11 optimal path direction UP
WizardTD.Path @ x=0, y=12 Distance: 11
WizardTD.Path @ x=0, y=12 optimal path direction UP
WizardTD.Path @ x=0, y=13 Distance: 12
WizardTD.Path @ x=0, y=13 optimal path direction UP
WizardTD.Path @ x=0, y=14 Distance: 13
WizardTD.Path @ x=0, y=14 optimal path direction UP
WizardTD.Path @ x=0, y=15 Distance: 14
WizardTD.Path @ x=0, y=15 optimal path direction UP
WizardTD.Path @ x=0, y=16 Distance: 15
WizardTD.Path @ x=0, y=16 optimal path direction UP
WizardTD.Path @ x=0, y=17 Distance: 16
WizardTD.Path @ x=0, y=17 optimal path direction UP
WizardTD.Path @ x=0, y=18 Distance: 17
WizardTD.Path @ x=0, y=18 optimal path direction UP
WizardTD.Path @ x=0, y=9 Distance: 10
WizardTD.Path @ x=0, y=9 optimal path direction DOWN
WizardTD.Path @ x=0, y=8 Distance: 11
WizardTD.Path @ x=0, y=8 optimal path direction DOWN
WizardTD.Path @ x=0, y=7 Distance: 12
WizardTD.Path @ x=0, y=7 optimal path direction DOWN
WizardTD.Path @ x=0, y=6 Distance: 13
WizardTD.Path @ x=0, y=6 optimal path direction DOWN
WizardTD.Path @ x=0, y=5 Distance: 14
WizardTD.Path @ x=0, y=5 optimal path direction DOWN
WizardTD.Path @ x=0, y=4 Distance: 15
WizardTD.Path @ x=0, y=4 optimal path direction DOWN
WizardTD.Path @ x=0, y=3 Distance: 16
WizardTD.Path @ x=0, y=3 optimal path direction DOWN
WizardTD.Path @ x=0, y=2 Distance: 17
WizardTD.Path @ x=0, y=2 optimal path direction DOWN
WizardTD.Path @ x=0, y=1 Distance: 18
WizardTD.Path @ x=0, y=1 optimal path direction DOWN
WizardTD.Path @ x=9, y=9 Distance: 1
WizardTD.Path @ x=9, y=9 optimal path direction DOWN
WizardTD.Path @ x=9, y=8 Distance: 2
WizardTD.Path @ x=9, y=8 optimal path direction DOWN
WizardTD.Path @ x=9, y=7 Distance: 3
WizardTD.Path @ x=9, y=7 optimal path direction DOWN
WizardTD.Path @ x=9, y=6 Distance: 4
WizardTD.Path @ x=9, y=6 optimal path direction DOWN
WizardTD.Path @ x=9, y=5 Distance: 5
WizardTD.Path @ x=9, y=5 optimal path direction DOWN
WizardTD.Path @ x=9, y=4 Distance: 6
WizardTD.Path @ x=9, y=4 optimal path direction DOWN
WizardTD.Path @ x=9, y=3 Distance: 7
WizardTD.Path @ x=9, y=3 optimal path direction DOWN
WizardTD.Path @ x=9, y=2 Distance: 8
WizardTD.Path @ x=9, y=2 optimal path direction DOWN
WizardTD.Path @ x=9, y=1 Distance: 9
WizardTD.Path @ x=9, y=1 optimal path direction DOWN
WizardTD.Path @ x=9, y=0 Distance: 10
WizardTD.Path @ x=9, y=0 optimal path direction DOWN
WizardTD.Path @ x=10, y=0 Distance: 11
WizardTD.Path @ x=10, y=0 optimal path direction LEFT
WizardTD.Path @ x=11, y=0 Distance: 12
WizardTD.Path @ x=11, y=0 optimal path direction LEFT
WizardTD.Path @ x=12, y=0 Distance: 13
WizardTD.Path @ x=12, y=0 optimal path direction LEFT
WizardTD.Path @ x=13, y=0 Distance: 14
WizardTD.Path @ x=13, y=0 optimal path direction LEFT
WizardTD.Path @ x=14, y=0 Distance: 15
WizardTD.Path @ x=14, y=0 optimal path direction LEFT
WizardTD.Path @ x=15, y=0 Distance: 16
WizardTD.Path @ x=15, y=0 optimal path direction LEFT
WizardTD.Path @ x=16, y=0 Distance: 17
WizardTD.Path @ x=16, y=0 optimal path direction LEFT
WizardTD.Path @ x=17, y=0 Distance: 18
WizardTD.Path @ x=17, y=0 optimal path direction LEFT
WizardTD.Path @ x=18, y=0 Distance: 19
WizardTD.Path @ x=18, y=0 optimal path direction LEFT
WizardTD.Path @ x=8, y=0 Distance: 11
WizardTD.Path @ x=8, y=0 optimal path direction RIGHT
WizardTD.Path @ x=7, y=0 Distance: 12
WizardTD.Path @ x=7, y=0 optimal path direction RIGHT
WizardTD.Path @ x=6, y=0 Distance: 13
WizardTD.Path @ x=6, y=0 optimal path direction RIGHT
WizardTD.Path @ x=5, y=0 Distance: 14
WizardTD.Path @ x=5, y=0 optimal path direction RIGHT
WizardTD.Path @ x=4, y=0 Distance: 15
WizardTD.Path @ x=4, y=0 optimal path direction RIGHT
WizardTD.Path @ x=3, y=0 Distance: 16
WizardTD.Path @ x=3, y=0 optimal path direction RIGHT
WizardTD.Path @ x=2, y=0 Distance: 17
WizardTD.Path @ x=2, y=0 optimal path direction RIGHT
WizardTD.Path @ x=1, y=0 Distance: 18
WizardTD.Path @ x=1, y=0 optimal path direction RIGHT
Wave created
1800.0
upgraded range to 1 0 0 tower at (1, 1)
upgraded speed to 1 1 0 tower at (1, 1)
upgraded damage to 1 1 1 tower at (1, 1)
Created: 1 1 1 tower at (1, 1)
upgraded range to 2 1 1 tower at (1, 1)
upgraded speed to 2 2 1 tower at (1, 1)
upgraded damage to 2 2 2 tower at (1, 1)
Wave created
Created 100.0 hp monster at (0, 13)
row 0 read
row 1 read
row 2 read
row 3 read
row 4 read
row 5 read
row 6 read
row 7 read
row 8 read
row 9 read
row 10 read
row 11 read
row 12 read
row 13 read
row 14 read
row 15 read
row 16 read
row 17 read
row 18 read
row 19 read
matrix made
WizardTD.Path @ x=0, y=1 is a spawn
WizardTD.Path @ x=0, y=1 assigned rotation
WizardTD.Path @ x=0, y=2 is a spawn
WizardTD.Path @ x=0, y=2 assigned rotation
WizardTD.Path @ x=0, y=3 is a spawn
WizardTD.Path @ x=0, y=3 assigned rotation
WizardTD.Path @ x=0, y=4 is a spawn
WizardTD.Path @ x=0, y=4 assigned rotation
WizardTD.Path @ x=0, y=5 is a spawn
WizardTD.Path @ x=0, y=5 assigned rotation
WizardTD.Path @ x=0, y=6 is a spawn
WizardTD.Path @ x=0, y=6 assigned rotation
WizardTD.Path @ x=0, y=7 is a spawn
WizardTD.Path @ x=0, y=7 assigned rotation
WizardTD.Path @ x=0, y=8 is a spawn
WizardTD.Path @ x=0, y=8 assigned rotation
WizardTD.Path @ x=0, y=9 is a spawn
WizardTD.Path @ x=0, y=9 assigned rotation
WizardTD.Path @ x=0, y=10 is a spawn
WizardTD.Path @ x=0, y=10 assigned rotation
WizardTD.Path @ x=0, y=11 is a spawn
WizardTD.Path @ x=0, y=11 assigned rotation
WizardTD.Path @ x=0, y=12 is a spawn
WizardTD.Path @ x=0, y=12 assigned rotation
WizardTD.Path @ x=0, y=13 is a spawn
WizardTD.Path @ x=0, y=13 assigned rotation
WizardTD.Path @ x=0, y=14 is a spawn
WizardTD.Path @ x=0, y=14 assigned rotation
WizardTD.Path @ x=0, y=15 is a spawn
WizardTD.Path @ x=0, y=15 assigned rotation
WizardTD.Path @ x=0, y=16 is a spawn
WizardTD.Path @ x=0, y=16 assigned rotation
WizardTD.Path @ x=0, y=17 is a spawn
WizardTD.Path @ x=0, y=17 assigned rotation
WizardTD.Path @ x=0, y=18 is a spawn
WizardTD.Path @ x=0, y=18 assigned rotation
WizardTD.Path @ x=1, y=0 is a spawn
WizardTD.Path @ x=1, y=0 assigned rotation
WizardTD.Path @ x=1, y=10 assigned rotation
WizardTD.Path @ x=1, y=19 is a spawn
WizardTD.Path @ x=1, y=19 assigned rotation
WizardTD.Path @ x=2, y=0 is a spawn
WizardTD.Path @ x=2, y=0 assigned rotation
WizardTD.Path @ x=2, y=10 assigned rotation
WizardTD.Path @ x=2, y=19 is a spawn
WizardTD.Path @ x=2, y=19 assigned rotation
WizardTD.Path @ x=3, y=0 is a spawn
WizardTD.Path @ x=3, y=0 assigned rotation
WizardTD.Path @ x=3, y=10 assigned rotation
WizardTD.Path @ x=3, y=19 is a spawn
WizardTD.Path @ x=3, y=19 assigned rotation
WizardTD.Path @ x=4, y=0 is a spawn
WizardTD.Path @ x=4, y=0 assigned rotation
WizardTD.Path @ x=4, y=10 assigned rotation
WizardTD.Path @ x=4, y=19 is a spawn
WizardTD.Path @ x=4, y=19 assigned rotation
WizardTD.Path @ x=5, y=0 is a spawn
WizardTD.Path @ x=5, y=0 assigned rotation
WizardTD.Path @ x=5, y=10 assigned rotation
WizardTD.Path @ x=5, y=19 is a spawn
WizardTD.Path @ x=5, y=19 assigned rotation
WizardTD.Path @ x=6, y=0 is a spawn
WizardTD.Path @ x=6, y=0 assigned rotation
WizardTD.Path @ x=6, y=10 assigned rotation
WizardTD.Path @ x=6, y=19 is a spawn
WizardTD.Path @ x=6, y=19 assigned rotation
WizardTD.Path @ x=7, y=0 is a spawn
WizardTD.Path @ x=7, y=0 assigned rotation
WizardTD.Path @ x=7, y=10 assigned rotation
WizardTD.Path @ x=7, y=19 is a spawn
WizardTD.Path @ x=7, y=19 assigned rotation
WizardTD.Path @ x=8, y=0 is a spawn
WizardTD.Path @ x=8, y=0 assigned rotation
WizardTD.Path @ x=8, y=10 assigned rotation
WizardTD.Path @ x=8, y=19 is a spawn
WizardTD.Path @ x=8, y=19 assigned rotation
WizardTD.Path @ x=9, y=0 is a spawn
WizardTD.Path @ x=9, y=0 assigned rotation
WizardTD.Path @ x=9, y=1 assigned rotation
WizardTD.Path @ x=9, y=2 assigned rotation
WizardTD.Path @ x=9, y=3 assigned rotation
WizardTD.Path @ x=9, y=4 assigned rotation
WizardTD.Path @ x=9, y=5 assigned rotation
WizardTD.Path @ x=9, y=6 assigned rotation
WizardTD.Path @ x=9, y=7 assigned rotation
WizardTD.Path @ x=9, y=8 assigned rotation
WizardTD.Path @ x=9, y=9 assigned rotation
WizardTD.Path @ x=9, y=11 assigned rotation
WizardTD.Path @ x=9, y=12 assigned rotation
WizardTD.Path @ x=9, y=13 assigned rotation
WizardTD.Path @ x=9, y=14 assigned rotation
WizardTD.Path @ x=9, y=15 assigned rotation
WizardTD.Path @ x=9, y=16 assigned rotation
WizardTD.Path @ x=9, y=17 assigned rotation
WizardTD.Path @ x=9, y=18 assigned rotation
WizardTD.Path @ x=9, y=19 is a spawn
WizardTD.Path @ x=9, y=19 assigned rotation
WizardTD.Path @ x=10, y=0 is a spawn
WizardTD.Path @ x=10, y=0 assigned rotation
WizardTD.Path @ x=10, y=10 assigned rotation
WizardTD.Path @ x=10, y=19 is a spawn
WizardTD.Path @ x=10, y=19 assigned rotation
WizardTD.Path @ x=11, y=0 is a spawn
WizardTD.Path @ x=11, y=0 assigned rotation
WizardTD.Path @ x=11, y=10 assigned rotation
WizardTD.Path @ x=11, y=19 is a spawn
WizardTD.Path @ x=11, y=19 assigned rotation
WizardTD.Path @ x=12, y=0 is a spawn
WizardTD.Path @ x=12, y=0 assigned rotation
WizardTD.Path @ x=12, y=10 assigned rotation
WizardTD.Path @ x=12, y=19 is a spawn
WizardTD.Path @ x=12, y=19 assigned rotation
WizardTD.Path @ x=13, y=0 is a spawn
WizardTD.Path @ x=13, y=0 assigned rotation
WizardTD.Path @ x=13, y=10 assigned rotation
WizardTD.Path @ x=13, y=19 is a spawn
WizardTD.Path @ x=13, y=19 assigned rotation
WizardTD.Path @ x=14, y=0 is a spawn
WizardTD.Path @ x=14, y=0 assigned rotation
WizardTD.Path @ x=14, y=10 assigned rotation
WizardTD.Path @ x=14, y=19 is a spawn
WizardTD.Path @ x=14, y=19 assigned rotation
WizardTD.Path @ x=15, y=0 is a spawn
WizardTD.Path @ x=15, y=0 assigned rotation
WizardTD.Path @ x=15, y=10 assigned rotation
WizardTD.Path @ x=15, y=19 is a spawn
WizardTD.Path @ x=15, y=19 assigned rotation
WizardTD.Path @ x=16, y=0 is a spawn
WizardTD.Path @ x=16, y=0 assigned rotation
WizardTD.Path @ x=16, y=10 assigned rotation
WizardTD.Path @ x=16, y=19 is a spawn
WizardTD.Path @ x=16, y=19 assigned rotation
WizardTD.Path @ x=17, y=0 is a spawn
WizardTD.Path @ x=17, y=0 assigned rotation
WizardTD.Path @ x=17, y=10 assigned rotation
WizardTD.Path @ x=17, y=19 is a spawn
WizardTD.Path @ x=17, y=19 assigned rotation
WizardTD.Path @ x=18, y=0 is a spawn
WizardTD.Path @ x=18, y=0 assigned rotation
WizardTD.Path @ x=18, y=10 assigned rotation
WizardTD.Path @ x=18, y=19 is a spawn
WizardTD.Path @ x=18, y=19 assigned rotation
WizardTD.Path @ x=19, y=1 is a spawn
WizardTD.Path @ x=19, y=1 assigned rotation
WizardTD.Path @ x=19, y=2 is a spawn
WizardTD.Path @ x=19, y=2 assigned rotation
WizardTD.Path @ x=19, y=3 is a spawn
WizardTD.Path @ x=19, y=3 assigned rotation
WizardTD.Path @ x=19, y=4 is a spawn
WizardTD.Path @ x=19, y=4 assigned rotation
WizardTD.Path @ x=19, y=5 is a spawn
WizardTD.Path @ x=19, y=5 assigned rotation
WizardTD.Path @ x=19, y=6 is a spawn
WizardTD.Path @ x=19, y=6 assigned rotation
WizardTD.Path @ x=19, y=7 is a spawn
WizardTD.Path @ x=19, y=7 assigned rotation
WizardTD.Path @ x=19, y=8 is a spawn
WizardTD.Path @ x=19, y=8 assigned rotation
WizardTD.Path @ x=19, y=9 is a spawn
WizardTD.Path @ x=19, y=9 assigned rotation
WizardTD.Path @ x=19, y=10 is a spawn
WizardTD.Path @ x=19, y=10 assigned rotation
WizardTD.Path @ x=19, y=11 is a spawn
WizardTD.Path @ x=19, y=11 assigned rotation
WizardTD.Path @ x=19, y=12 is a spawn
WizardTD.Path @ x=19, y=12 assigned rotation
WizardTD.Path @ x=19, y=13 is a spawn
WizardTD.Path @ x=19, y=13 assigned rotation
WizardTD.Path @ x=19, y=14 is a spawn
WizardTD.Path @ x=19, y=14 assigned rotation
WizardTD.Path @ x=19, y=15 is a spawn
WizardTD.Path @ x=19, y=15 assigned rotation
WizardTD.Path @ x=19, y=16 is a spawn
WizardTD.Path @ x=19, y=16 assigned rotation
WizardTD.Path @ x=19, y=17 is a spawn
WizardTD.Path @ x=19, y=17 assigned rotation
WizardTD.Path @ x=19, y=18 is a spawn
WizardTD.Path @ x=19, y=18 assigned rotation
Paths rotated
WizardTD.Path @ x=9, y=11 Distance: 1
WizardTD.Path @ x=9, y=11 optimal path direction UP
WizardTD.Path @ x=9, y=12 Distance: 2
WizardTD.Path @ x=9, y=12 optimal path direction UP
WizardTD.Path @ x=9, y=13 Distance: 3
WizardTD.Path @ x=9, y=13 optimal path direction UP
WizardTD.Path @ x=9, y=14 Distance: 4
WizardTD.Path @ x=9, y=14 optimal path direction UP
WizardTD.Path @ x=9, y=15 Distance: 5
WizardTD.Path @ x=9, y=15 optimal path direction UP
WizardTD.Path @ x=9, y=16 Distance: 6
WizardTD.Path @ x=9, y=16 optimal path direction UP
WizardTD.Path @ x=9, y=17 Distance: 7
WizardTD.Path @ x=9, y=17 optimal path direction UP
WizardTD.Path @ x=9, y=18 Distance: 8
WizardTD.Path @ x=9, y=18 optimal path direction UP
WizardTD.Path @ x=9, y=19 Distance: 9
WizardTD.Path @ x=9, y=19 optimal path direction UP
WizardTD.Path @ x=10, y=19 Distance: 10
WizardTD.Path @ x=10, y=19 optimal path direction LEFT
WizardTD.Path @ x=11, y=19 Distance: 11
WizardTD.Path @ x=11, y=19 optimal path direction LEFT
WizardTD.Path @ x=12, y=19 Distance: 12
WizardTD.Path @ x=12, y=19 optimal path direction LEFT
WizardTD.Path @ x=13, y=19 Distance: 13
WizardTD.Path @ x=13, y=19 optimal path direction LEFT
WizardTD.Path @ x=14, y=19 Distance: 14
WizardTD.Path @ x=14, y=19 optimal path direction LEFT
WizardTD.Path @ x=15, y=19 Distance: 15
WizardTD.Path @ x=15, y=19 optimal path direction LEFT
WizardTD.Path @ x=16, y=19 Distance: 16
WizardTD.Path @ x=16, y=19 optimal path direction LEFT
WizardTD.Path @ x=17, y=19 Distance: 17
WizardTD.Path @ x=17, y=19 optimal path direction LEFT
WizardTD.Path @ x=18, y=19 Distance: 18
WizardTD.Path @ x=18, y=19 optimal path direction LEFT
WizardTD.Path @ x=8, y=19 Distance: 10
WizardTD.Path @ x=8, y=19 optimal path direction RIGHT
WizardTD.Path @ x=7, y=19 Distance: 11
WizardTD.Path @ x=7, y=19 optimal path direction RIGHT
WizardTD.Path @ x=6, y=19 Distance: 12
WizardTD.Path @ x=6, y=19 optimal path direction RIGHT
WizardTD.Path @ x=5, y=19 Distance: 13
WizardTD.Path @ x=5, y=19 optimal path direction RIGHT
WizardTD.Path @ x=4, y=19 Distance: 14
WizardTD.Path @ x=4, y=19 optimal path direction RIGHT
WizardTD.Path @ x=3, y=19 Distance: 15
WizardTD.Path @ x=3, y=19 optimal path direction RIGHT
WizardTD.Path @ x=2, y=19 Distance: 16
WizardTD.Path @ x=2, y=19 optimal path direction RIGHT
WizardTD.Path @ x=1, y=19 Distance: 17
WizardTD.Path @ x=1, y=19 optimal path direction RIGHT
WizardTD.Path @ x=10, y=10 Distance: 1
WizardTD.Path @ x=10, y=10 optimal path direction LEFT
WizardTD.Path @ x=11, y=10 Distance: 2
WizardTD.Path @ x=11, y=10 optimal path direction LEFT
WizardTD.Path @ x=12, y=10 Distance: 3
WizardTD.Path @ x=12, y=10 optimal path direction LEFT
WizardTD.Path @ x=13, y=10 Distance: 4
WizardTD.Path @ x=13, y=10 optimal path direction LEFT
WizardTD.Path @ x=14, y=10 Distance: 5
WizardTD.Path @ x=14, y=10 optimal path direction LEFT
WizardTD.Path @ x=15, y=10 Distance: 6
WizardTD.Path @ x=15, y=10 optimal path direction LEFT
WizardTD.Path @ x=16, y=10 Distance: 7
WizardTD.Path @ x=16, y=10 optimal path direction LEFT
WizardTD.Path @ x=17, y=10 Distance: 8
WizardTD.Path @ x=17, y=10 optimal path direction LEFT
WizardTD.Path @ x=18, y=10 Distance: 9
WizardTD.Path @ x=18, y=10 optimal path direction LEFT
WizardTD.Path @ x=19, y=10 Distance: 10
WizardTD.Path @ x=19, y=10 optimal path direction LEFT
WizardTD.Path @ x=19, y=11 Distance: 11
WizardTD.Path @ x=19, y=11 optimal path direction UP
WizardTD.Path @ x=19, y=12 Distance: 12
WizardTD.Path @ x=19, y=12 optimal path direction UP
WizardTD.Path @ x=19, y=13 Distance: 13
WizardTD.Path @ x=19, y=13 optimal path direction UP
WizardTD.Path @ x=19, y=14 Distance: 14
WizardTD.Path @ x=19, y=14 optimal path direction UP
WizardTD.Path @ x=19, y=15 Distance: 15
WizardTD.Path @ x=19, y=15 optimal path direction UP
WizardTD.Path @ x=19, y=16 Distance: 16
WizardTD.Path @ x=19, y=16 optimal path direction UP
WizardTD.Path @ x=19, y=17 Distance: 17
WizardTD.Path @ x=19, y=17 optimal path direction UP
WizardTD.Path @ x=19, y=18 Distance: 18
WizardTD.Path @ x=19, y=18 optimal path direction UP
WizardTD.Path @ x=19, y=9 Distance: 11
WizardTD.Path @ x=19, y=9 optimal path direction DOWN
WizardTD.Path @ x=19, y=8 Distance: 12
WizardTD.Path @ x=19, y=8 optimal path direction DOWN
WizardTD.Path @ x=19, y=7 Distance: 13
WizardTD.Path @ x=19, y=7 optimal path direction DOWN
WizardTD.Path @ x=19, y=6 Distance: 14
WizardTD.Path @ x=19, y=6 optimal path direction DOWN
WizardTD.Path @ x=19, y=5 Distance: 15
WizardTD.Path @ x=19, y=5 optimal path direction DOWN
WizardTD.Path @ x=19, y=4 Distance: 16
WizardTD.Path @ x=19, y=4 optimal path direction DOWN
WizardTD.Path @ x=19, y=3 Distance: 17
WizardTD.Path @ x=19, y=3 optimal path direction DOWN
WizardTD.Path @ x=19, y=2 Distance: 18
WizardTD.Path @ x=19, y=2 optimal path direction DOWN
WizardTD.Path @ x=19, y=1 Distance: 19
WizardTD.Path @ x=19, y=1 optimal path direction DOWN
WizardTD.Path @ x=8, y=10 Distance: 1
WizardTD.Path @ x=8, y=10 optimal path direction RIGHT
WizardTD.Path @ x=7, y=10 Distance: 2
WizardTD.Path @ x=7, y=10 optimal path direction RIGHT
WizardTD.Path @ x=6, y=10 Distance: 3
WizardTD.Path @ x=6, y=10 optimal path direction RIGHT
WizardTD.Path @ x=5, y=10 Distance: 4
WizardTD.Path @ x=5, y=10 optimal path direction RIGHT
WizardTD.Path @ x=4, y=10 Distance: 5
WizardTD.Path @ x=4, y=10 optimal path direction RIGHT
WizardTD.Path @ x=3, y=10 Distance: 6
WizardTD.Path @ x=3, y=10 optimal path direction RIGHT
WizardTD.Path @ x=2, y=10 Distance: 7
WizardTD.Path @ x=2, y=10 optimal path direction RIGHT
WizardTD.Path @ x=1, y=10 Distance: 8
WizardTD.Path @ x=1, y=10 optimal path direction RIGHT
WizardTD.Path @ x=0, y=10 Distance: 9
WizardTD.Path @ x=0, y=10 optimal path direction RIGHT
WizardTD.Path @ x=0, y=11 Distance: 10
WizardTD.Path @ x=0, y=11 optimal path direction UP
WizardTD.Path @ x=0, y=12 Distance: 11
WizardTD.Path @ x=0, y=12 optimal path direction UP
WizardTD.Path @ x=0, y=13 Distance: 12
WizardTD.Path @ x=0, y=13 optimal path direction UP
WizardTD.Path @ x=0, y=14 Distance: 13
WizardTD.Path @ x=0, y=14 optimal path direction UP
WizardTD.Path @ x=0, y=15 Distance: 14
WizardTD.Path @ x=0, y=15 optimal path direction UP
WizardTD.Path @ x=0, y=16 Distance: 15
WizardTD.Path @ x=0, y=16 optimal path direction UP
WizardTD.Path @ x=0, y=17 Distance: 16
WizardTD.Path @ x=0, y=17 optimal path direction UP
WizardTD.Path @ x=0, y=18 Distance: 17
WizardTD.Path @ x=0, y=18 optimal path direction UP
WizardTD.Path @ x=0, y=9 Distance: 10
WizardTD.Path @ x=0, y=9 optimal path direction DOWN
WizardTD.Path @ x=0, y=8 Distance: 11
WizardTD.Path @ x=0, y=8 optimal path direction DOWN
WizardTD.Path @ x=0, y=7 Distance: 12
WizardTD.Path @ x=0, y=7 optimal path direction DOWN
WizardTD.Path @ x=0, y=6 Distance: 13
WizardTD.Path @ x=0, y=6 optimal path direction DOWN
WizardTD.Path @ x=0, y=5 Distance: 14
WizardTD.Path @ x=0, y=5 optimal path direction DOWN
WizardTD.Path @ x=0, y=4 Distance: 15
WizardTD.Path @ x=0, y=4 optimal path direction DOWN
WizardTD.Path @ x=0, y=3 Distance: 16
WizardTD.Path @ x=0, y=3 optimal path direction DOWN
WizardTD.Path @ x=0, y=2 Distance: 17
WizardTD.Path @ x=0, y=2 optimal path direction DOWN
WizardTD.Path @ x=0, y=1 Distance: 18
WizardTD.Path @ x=0, y=1 optimal path direction DOWN
WizardTD.Path @ x=9, y=9 Distance: 1
WizardTD.Path @ x=9, y=9 optimal path direction DOWN
WizardTD.Path @ x=9, y=8 Distance: 2
WizardTD.Path @ x=9, y=8 optimal path direction DOWN
WizardTD.Path @ x=9, y=7 Distance: 3
WizardTD.Path @ x=9, y=7 optimal path direction DOWN
WizardTD.Path @ x=9, y=6 Distance: 4
WizardTD.Path @ x=9, y=6 optimal path direction DOWN
WizardTD.Path @ x=9, y=5 Distance: 5
WizardTD.Path @ x=9, y=5 optimal path direction DOWN
WizardTD.Path @ x=9, y=4 Distance: 6
WizardTD.Path @ x=9, y=4 optimal path direction DOWN
WizardTD.Path @ x=9, y=3 Distance: 7
WizardTD.Path @ x=9, y=3 optimal path direction DOWN
WizardTD.Path @ x=9, y=2 Distance: 8
WizardTD.Path @ x=9, y=2 optimal path direction DOWN
WizardTD.Path @ x=9, y=1 Distance: 9
WizardTD.Path @ x=9, y=1 optimal path direction DOWN
WizardTD.Path @ x=9, y=0 Distance: 10
WizardTD.Path @ x=9, y=0 optimal path direction DOWN
WizardTD.Path @ x=10, y=0 Distance: 11
WizardTD.Path @ x=10, y=0 optimal path direction LEFT
WizardTD.Path @ x=11, y=0 Distance: 12
WizardTD.Path @ x=11, y=0 optimal path direction LEFT
WizardTD.Path @ x=12, y=0 Distance: 13
WizardTD.Path @ x=12, y=0 optimal path direction LEFT
WizardTD.Path @ x=13, y=0 Distance: 14
WizardTD.Path @ x=13, y=0 optimal path direction LEFT
WizardTD.Path @ x=14, y=0 Distance: 15
WizardTD.Path @ x=14, y=0 optimal path direction LEFT
WizardTD.Path @ x=15, y=0 Distance: 16
WizardTD.Path @ x=15, y=0 optimal path direction LEFT
WizardTD.Path @ x=16, y=0 Distance: 17
WizardTD.Path @ x=16, y=0 optimal path direction LEFT
WizardTD.Path @ x=17, y=0 Distance: 18
WizardTD.Path @ x=17, y=0 optimal path direction LEFT
WizardTD.Path @ x=18, y=0 Distance: 19
WizardTD.Path @ x=18, y=0 optimal path direction LEFT
WizardTD.Path @ x=8, y=0 Distance: 11
WizardTD.Path @ x=8, y=0 optimal path direction RIGHT
WizardTD.Path @ x=7, y=0 Distance: 12
WizardTD.Path @ x=7, y=0 optimal path direction RIGHT
WizardTD.Path @ x=6, y=0 Distance: 13
WizardTD.Path @ x=6, y=0 optimal path direction RIGHT
WizardTD.Path @ x=5, y=0 Distance: 14
WizardTD.Path @ x=5, y=0 optimal path direction RIGHT
WizardTD.Path @ x=4, y=0 Distance: 15
WizardTD.Path @ x=4, y=0 optimal path direction RIGHT
WizardTD.Path @ x=3, y=0 Distance: 16
WizardTD.Path @ x=3, y=0 optimal path direction RIGHT
WizardTD.Path @ x=2, y=0 Distance: 17
WizardTD.Path @ x=2, y=0 optimal path direction RIGHT
WizardTD.Path @ x=1, y=0 Distance: 18
WizardTD.Path @ x=1, y=0 optimal path direction RIGHT
Wave created
1800.0
upgraded range to 1 0 0 tower at (1, 1)
upgraded speed to 1 1 0 tower at (1, 1)
upgraded damage to 1 1 1 tower at (1, 1)
Created: 1 1 1 tower at (1, 1)
upgraded range to 2 1 1 tower at (1, 1)
upgraded speed to 2 2 1 tower at (1, 1)
upgraded damage to 2 2 2 tower at (1, 1)
row 0 read
row 1 read
row 2 read
row 3 read
row 4 read
row 5 read
row 6 read
row 7 read
row 8 read
row 9 read
row 10 read
row 11 read
row 12 read
row 13 read
row 14 read
row 15 read
row 16 read
row 17 read
row 18 read
row 19 read
matrix made
WizardTD.Path @ x=0, y=1 is a spawn
WizardTD.Path @ x=0, y=1 assigned rotation
WizardTD.Path @ x=0, y=2 is a spawn
WizardTD.Path @ x=0, y=2 assigned rotation
WizardTD.Path @ x=0, y=3 is a spawn
WizardTD.Path @ x=0, y=3 assigned rotation
WizardTD.Path @ x=0, y=4 is a spawn
WizardTD.Path @ x=0, y=4 assigned rotation
WizardTD.Path @ x=0, y=5 is a spawn
WizardTD.Path @ x=0, y=5 assigned rotation
WizardTD.Path @ x=0, y=6 is a spawn
WizardTD.Path @ x=0, y=6 assigned rotation
WizardTD.Path @ x=0, y=7 is a spawn
WizardTD.Path @ x=0, y=7 assigned rotation
WizardTD.Path @ x=0, y=8 is a spawn
WizardTD.Path @ x=0, y=8 assigned rotation
WizardTD.Path @ x=0, y=9 is a spawn
WizardTD.Path @ x=0, y=9 assigned rotation
WizardTD.Path @ x=0, y=10 is a spawn
WizardTD.Path @ x=0, y=10 assigned rotation
WizardTD.Path @ x=0, y=11 is a spawn
WizardTD.Path @ x=0, y=11 assigned rotation
WizardTD.Path @ x=0, y=12 is a spawn
WizardTD.Path @ x=0, y=12 assigned rotation
WizardTD.Path @ x=0, y=13 is a spawn
WizardTD.Path @ x=0, y=13 assigned rotation
WizardTD.Path @ x=0, y=14 is a spawn
WizardTD.Path @ x=0, y=14 assigned rotation
WizardTD.Path @ x=0, y=15 is a spawn
WizardTD.Path @ x=0, y=15 assigned rotation
WizardTD.Path @ x=0, y=16 is a spawn
WizardTD.Path @ x=0, y=16 assigned rotation
WizardTD.Path @ x=0, y=17 is a spawn
WizardTD.Path @ x=0, y=17 assigned rotation
WizardTD.Path @ x=0, y=18 is a spawn
WizardTD.Path @ x=0, y=18 assigned rotation
WizardTD.Path @ x=1, y=0 is a spawn
WizardTD.Path @ x=1, y=0 assigned rotation
WizardTD.Path @ x=1, y=10 assigned rotation
WizardTD.Path @ x=1, y=19 is a spawn
WizardTD.Path @ x=1, y=19 assigned rotation
WizardTD.Path @ x=2, y=0 is a spawn
WizardTD.Path @ x=2, y=0 assigned rotation
WizardTD.Path @ x=2, y=10 assigned rotation
WizardTD.Path @ x=2, y=19 is a spawn
WizardTD.Path @ x=2, y=19 assigned rotation
WizardTD.Path @ x=3, y=0 is a spawn
WizardTD.Path @ x=3, y=0 assigned rotation
WizardTD.Path @ x=3, y=10 assigned rotation
WizardTD.Path @ x=3, y=19 is a spawn
WizardTD.Path @ x=3, y=19 assigned rotation
WizardTD.Path @ x=4, y=0 is a spawn
WizardTD.Path @ x=4, y=0 assigned rotation
WizardTD.Path @ x=4, y=10 assigned rotation
WizardTD.Path @ x=4, y=19 is a spawn
WizardTD.Path @ x=4, y=19 assigned rotation
WizardTD.Path @ x=5, y=0 is a spawn
WizardTD.Path @ x=5, y=0 assigned rotation
WizardTD.Path @ x=5, y=10 assigned rotation
WizardTD.Path @ x=5, y=19 is a spawn
WizardTD.Path @ x=5, y=19 assigned rotation
WizardTD.Path @ x=6, y=0 is a spawn
WizardTD.Path @ x=6, y=0 assigned rotation
WizardTD.Path @ x=6, y=10 assigned rotation
WizardTD.Path @ x=6, y=19 is a spawn
WizardTD.Path @ x=6, y=19 assigned rotation
WizardTD.Path @ x=7, y=0 is a spawn
WizardTD.Path @ x=7, y=0 assigned rotation
WizardTD.Path @ x=7, y=10 assigned rotation
WizardTD.Path @ x=7, y=19 is a spawn
WizardTD.Path @ x=7, y=19 assigned rotation
WizardTD.Path @ x=8, y=0 is a spawn
WizardTD.Path @ x=8, y=0 assigned rotation
WizardTD.Path @ x=8, y=10 assigned rotation
WizardTD.Path @ x=8, y=19 is a spawn
WizardTD.Path @ x=8, y=19 assigned rotation
WizardTD.Path @ x=9, y=0 is a spawn
WizardTD.Path @ x=9, y=0 assigned rotation
WizardTD.Path @ x=9, y=1 assigned rotation
WizardTD.Path @ x=9, y=2 assigned rotation
WizardTD.Path @ x=9, y=3 assigned rotation
WizardTD.Path @ x=9, y=4 assigned rotation
WizardTD.Path @ x=9, y=5 assigned rotation
WizardTD.Path @ x=9, y=6 assigned rotation
WizardTD.Path @ x=9, y=7 assigned rotation
WizardTD.Path @ x=9, y=8 assigned rotation
WizardTD.Path @ x=9, y=9 assigned rotation
WizardTD.Path @ x=9, y=11 assigned rotation
WizardTD.Path @ x=9, y=12 assigned rotation
WizardTD.Path @ x=9, y=13 assigned rotation
WizardTD.Path @ x=9, y=14 assigned rotation
WizardTD.Path @ x=9, y=15 assigned rotation
WizardTD.Path @ x=9, y=16 assigned rotation
WizardTD.Path @ x=9, y=17 assigned rotation
WizardTD.Path @ x=9, y=18 assigned rotation
WizardTD.Path @ x=9, y=19 is a spawn
WizardTD.Path @ x=9, y=19 assigned rotation
WizardTD.Path @ x=10, y=0 is a spawn
WizardTD.Path @ x=10, y=0 assigned rotation
WizardTD.Path @ x=10, y=10 assigned rotation
WizardTD.Path @ x=10, y=19 is a spawn
WizardTD.Path @ x=10, y=19 assigned rotation
WizardTD.Path @ x=11, y=0 is a spawn
WizardTD.Path @ x=11, y=0 assigned rotation
WizardTD.Path @ x=11, y=10 assigned rotation
WizardTD.Path @ x=11, y=19 is a spawn
WizardTD.Path @ x=11, y=19 assigned rotation
WizardTD.Path @ x=12, y=0 is a spawn
WizardTD.Path @ x=12, y=0 assigned rotation
WizardTD.Path @ x=12, y=10 assigned rotation
WizardTD.Path @ x=12, y=19 is a spawn
WizardTD.Path @ x=12, y=19 assigned rotation
WizardTD.Path @ x=13, y=0 is a spawn
WizardTD.Path @ x=13, y=0 assigned rotation
WizardTD.Path @ x=13, y=10 assigned rotation
WizardTD.Path @ x=13, y=19 is a spawn
WizardTD.Path @ x=13, y=19 assigned rotation
WizardTD.Path @ x=14, y=0 is a spawn
WizardTD.Path @ x=14, y=0 assigned rotation
WizardTD.Path @ x=14, y=10 assigned rotation
WizardTD.Path @ x=14, y=19 is a spawn
WizardTD.Path @ x=14, y=19 assigned rotation
WizardTD.Path @ x=15, y=0 is a spawn
WizardTD.Path @ x=15, y=0 assigned rotation
WizardTD.Path @ x=15, y=10 assigned rotation
WizardTD.Path @ x=15, y=19 is a spawn
WizardTD.Path @ x=15, y=19 assigned rotation
WizardTD.Path @ x=16, y=0 is a spawn
WizardTD.Path @ x=16, y=0 assigned rotation
WizardTD.Path @ x=16, y=10 assigned rotation
WizardTD.Path @ x=16, y=19 is a spawn
WizardTD.Path @ x=16, y=19 assigned rotation
WizardTD.Path @ x=17, y=0 is a spawn
WizardTD.Path @ x=17, y=0 assigned rotation
WizardTD.Path @ x=17, y=10 assigned rotation
WizardTD.Path @ x=17, y=19 is a spawn
WizardTD.Path @ x=17, y=19 assigned rotation
WizardTD.Path @ x=18, y=0 is a spawn
WizardTD.Path @ x=18, y=0 assigned rotation
WizardTD.Path @ x=18, y=10 assigned rotation
WizardTD.Path @ x=18, y=19 is a spawn
WizardTD.Path @ x=18, y=19 assigned rotation
WizardTD.Path @ x=19, y=1 is a spawn
WizardTD.Path @ x=19, y=1 assigned rotation
WizardTD.Path @ x=19, y=2 is a spawn
WizardTD.Path @ x=19, y=2 assigned rotation
WizardTD.Path @ x=19, y=3 is a spawn
WizardTD.Path @ x=19, y=3 assigned rotation
WizardTD.Path @ x=19, y=4 is a spawn
WizardTD.Path @ x=19, y=4 assigned rotation
WizardTD.Path @ x=19, y=5 is a spawn
WizardTD.Path @ x=19, y=5 assigned rotation
WizardTD.Path @ x=19, y=6 is a spawn
WizardTD.Path @ x=19, y=6 assigned rotation
WizardTD.Path @ x=19, y=7 is a spawn
WizardTD.Path @ x=19, y=7 assigned rotation
WizardTD.Path @ x=19, y=8 is a spawn
WizardTD.Path @ x=19, y=8 assigned rotation
WizardTD.Path @ x=19, y=9 is a spawn
WizardTD.Path @ x=19, y=9 assigned rotation
WizardTD.Path @ x=19, y=10 is a spawn
WizardTD.Path @ x=19, y=10 assigned rotation
WizardTD.Path @ x=19, y=11 is a spawn
WizardTD.Path @ x=19, y=11 assigned rotation
WizardTD.Path @ x=19, y=12 is a spawn
WizardTD.Path @ x=19, y=12 assigned rotation
WizardTD.Path @ x=19, y=13 is a spawn
WizardTD.Path @ x=19, y=13 assigned rotation
WizardTD.Path @ x=19, y=14 is a spawn
WizardTD.Path @ x=19, y=14 assigned rotation
WizardTD.Path @ x=19, y=15 is a spawn
WizardTD.Path @ x=19, y=15 assigned rotation
WizardTD.Path @ x=19, y=16 is a spawn
WizardTD.Path @ x=19, y=16 assigned rotation
WizardTD.Path @ x=19, y=17 is a spawn
WizardTD.Path @ x=19, y=17 assigned rotation
WizardTD.Path @ x=19, y=18 is a spawn
WizardTD.Path @ x=19, y=18 assigned rotation
Paths rotated
WizardTD.Path @ x=9, y=11 Distance: 1
WizardTD.Path @ x=9, y=11 optimal path direction UP
WizardTD.Path @ x=9, y=12 Distance: 2
WizardTD.Path @ x=9, y=12 optimal path direction UP
WizardTD.Path @ x=9, y=13 Distance: 3
WizardTD.Path @ x=9, y=13 optimal path direction UP
WizardTD.Path @ x=9, y=14 Distance: 4
WizardTD.Path @ x=9, y=14 optimal path direction UP
WizardTD.Path @ x=9, y=15 Distance: 5
WizardTD.Path @ x=9, y=15 optimal path direction UP
WizardTD.Path @ x=9, y=16 Distance: 6
WizardTD.Path @ x=9, y=16 optimal path direction UP
WizardTD.Path @ x=9, y=17 Distance: 7
WizardTD.Path @ x=9, y=17 optimal path direction UP
WizardTD.Path @ x=9, y=18 Distance: 8
WizardTD.Path @ x=9, y=18 optimal path direction UP
WizardTD.Path @ x=9, y=19 Distance: 9
WizardTD.Path @ x=9, y=19 optimal path direction UP
WizardTD.Path @ x=10, y=19 Distance: 10
WizardTD.Path @ x=10, y=19 optimal path direction LEFT
WizardTD.Path @ x=11, y=19 Distance: 11
WizardTD.Path @ x=11, y=19 optimal path direction LEFT
WizardTD.Path @ x=12, y=19 Distance: 12
WizardTD.Path @ x=12, y=19 optimal path direction LEFT
WizardTD.Path @ x=13, y=19 Distance: 13
WizardTD.Path @ x=13, y=19 optimal path direction LEFT
WizardTD.Path @ x=14, y=19 Distance: 14
WizardTD.Path @ x=14, y=19 optimal path direction LEFT
WizardTD.Path @ x=15, y=19 Distance: 15
WizardTD.Path @ x=15, y=19 optimal path direction LEFT
WizardTD.Path @ x=16, y=19 Distance: 16
WizardTD.Path @ x=16, y=19 optimal path direction LEFT
WizardTD.Path @ x=17, y=19 Distance: 17
WizardTD.Path @ x=17, y=19 optimal path direction LEFT
WizardTD.Path @ x=18, y=19 Distance: 18
WizardTD.Path @ x=18, y=19 optimal path direction LEFT
WizardTD.Path @ x=8, y=19 Distance: 10
WizardTD.Path @ x=8, y=19 optimal path direction RIGHT
WizardTD.Path @ x=7, y=19 Distance: 11
WizardTD.Path @ x=7, y=19 optimal path direction RIGHT
WizardTD.Path @ x=6, y=19 Distance: 12
WizardTD.Path @ x=6, y=19 optimal path direction RIGHT
WizardTD.Path @ x=5, y=19 Distance: 13
WizardTD.Path @ x=5, y=19 optimal path direction RIGHT
WizardTD.Path @ x=4, y=19 Distance: 14
WizardTD.Path @ x=4, y=19 optimal path direction RIGHT
WizardTD.Path @ x=3, y=19 Distance: 15
WizardTD.Path @ x=3, y=19 optimal path direction RIGHT
WizardTD.Path @ x=2, y=19 Distance: 16
WizardTD.Path @ x=2, y=19 optimal path direction RIGHT
WizardTD.Path @ x=1, y=19 Distance: 17
WizardTD.Path @ x=1, y=19 optimal path direction RIGHT
WizardTD.Path @ x=10, y=10 Distance: 1
WizardTD.Path @ x=10, y=10 optimal path direction LEFT
WizardTD.Path @ x=11, y=10 Distance: 2
WizardTD.Path @ x=11, y=10 optimal path direction LEFT
WizardTD.Path @ x=12, y=10 Distance: 3
WizardTD.Path @ x=12, y=10 optimal path direction LEFT
WizardTD.Path @ x=13, y=10 Distance: 4
WizardTD.Path @ x=13, y=10 optimal path direction LEFT
WizardTD.Path @ x=14, y=10 Distance: 5
WizardTD.Path @ x=14, y=10 optimal path direction LEFT
WizardTD.Path @ x=15, y=10 Distance: 6
WizardTD.Path @ x=15, y=10 optimal path direction LEFT
WizardTD.Path @ x=16, y=10 Distance: 7
WizardTD.Path @ x=16, y=10 optimal path direction LEFT
WizardTD.Path @ x=17, y=10 Distance: 8
WizardTD.Path @ x=17, y=10 optimal path direction LEFT
WizardTD.Path @ x=18, y=10 Distance: 9
WizardTD.Path @ x=18, y=10 optimal path direction LEFT
WizardTD.Path @ x=19, y=10 Distance: 10
WizardTD.Path @ x=19, y=10 optimal path direction LEFT
WizardTD.Path @ x=19, y=11 Distance: 11
WizardTD.Path @ x=19, y=11 optimal path direction UP
WizardTD.Path @ x=19, y=12 Distance: 12
WizardTD.Path @ x=19, y=12 optimal path direction UP
WizardTD.Path @ x=19, y=13 Distance: 13
WizardTD.Path @ x=19, y=13 optimal path direction UP
WizardTD.Path @ x=19, y=14 Distance: 14
WizardTD.Path @ x=19, y=14 optimal path direction UP
WizardTD.Path @ x=19, y=15 Distance: 15
WizardTD.Path @ x=19, y=15 optimal path direction UP
WizardTD.Path @ x=19, y=16 Distance: 16
WizardTD.Path @ x=19, y=16 optimal path direction UP
WizardTD.Path @ x=19, y=17 Distance: 17
WizardTD.Path @ x=19, y=17 optimal path direction UP
WizardTD.Path @ x=19, y=18 Distance: 18
WizardTD.Path @ x=19, y=18 optimal path direction UP
WizardTD.Path @ x=19, y=9 Distance: 11
WizardTD.Path @ x=19, y=9 optimal path direction DOWN
WizardTD.Path @ x=19, y=8 Distance: 12
WizardTD.Path @ x=19, y=8 optimal path direction DOWN
WizardTD.Path @ x=19, y=7 Distance: 13
WizardTD.Path @ x=19, y=7 optimal path direction DOWN
WizardTD.Path @ x=19, y=6 Distance: 14
WizardTD.Path @ x=19, y=6 optimal path direction DOWN
WizardTD.Path @ x=19, y=5 Distance: 15
WizardTD.Path @ x=19, y=5 optimal path direction DOWN
WizardTD.Path @ x=19, y=4 Distance: 16
WizardTD.Path @ x=19, y=4 optimal path direction DOWN
WizardTD.Path @ x=19, y=3 Distance: 17
WizardTD.Path @ x=19, y=3 optimal path direction DOWN
WizardTD.Path @ x=19, y=2 Distance: 18
WizardTD.Path @ x=19, y=2 optimal path direction DOWN
WizardTD.Path @ x=19, y=1 Distance: 19
WizardTD.Path @ x=19, y=1 optimal path direction DOWN
WizardTD.Path @ x=8, y=10 Distance: 1
WizardTD.Path @ x=8, y=10 optimal path direction RIGHT
WizardTD.Path @ x=7, y=10 Distance: 2
WizardTD.Path @ x=7, y=10 optimal path direction RIGHT
WizardTD.Path @ x=6, y=10 Distance: 3
WizardTD.Path @ x=6, y=10 optimal path direction RIGHT
WizardTD.Path @ x=5, y=10 Distance: 4
WizardTD.Path @ x=5, y=10 optimal path direction RIGHT
WizardTD.Path @ x=4, y=10 Distance: 5
WizardTD.Path @ x=4, y=10 optimal path direction RIGHT
WizardTD.Path @ x=3, y=10 Distance: 6
WizardTD.Path @ x=3, y=10 optimal path direction RIGHT
WizardTD.Path @ x=2, y=10 Distance: 7
WizardTD.Path @ x=2, y=10 optimal path direction RIGHT
WizardTD.Path @ x=1, y=10 Distance: 8
WizardTD.Path @ x=1, y=10 optimal path direction RIGHT
WizardTD.Path @ x=0, y=10 Distance: 9
WizardTD.Path @ x=0, y=10 optimal path direction RIGHT
WizardTD.Path @ x=0, y=11 Distance: 10
WizardTD.Path @ x=0, y=11 optimal path direction UP
WizardTD.Path @ x=0, y=12 Distance: 11
WizardTD.Path @ x=0, y=12 optimal path direction UP
WizardTD.Path @ x=0, y=13 Distance: 12
WizardTD.Path @ x=0, y=13 optimal path direction UP
WizardTD.Path @ x=0, y=14 Distance: 13
WizardTD.Path @ x=0, y=14 optimal path direction UP
WizardTD.Path @ x=0, y=15 Distance: 14
WizardTD.Path @ x=0, y=15 optimal path direction UP
WizardTD.Path @ x=0, y=16 Distance: 15
WizardTD.Path @ x=0, y=16 optimal path direction UP
WizardTD.Path @ x=0, y=17 Distance: 16
WizardTD.Path @ x=0, y=17 optimal path direction UP
WizardTD.Path @ x=0, y=18 Distance: 17
WizardTD.Path @ x=0, y=18 optimal path direction UP
WizardTD.Path @ x=0, y=9 Distance: 10
WizardTD.Path @ x=0, y=9 optimal path direction DOWN
WizardTD.Path @ x=0, y=8 Distance: 11
WizardTD.Path @ x=0, y=8 optimal path direction DOWN
WizardTD.Path @ x=0, y=7 Distance: 12
WizardTD.Path @ x=0, y=7 optimal path direction DOWN
WizardTD.Path @ x=0, y=6 Distance: 13
WizardTD.Path @ x=0, y=6 optimal path direction DOWN
WizardTD.Path @ x=0, y=5 Distance: 14
WizardTD.Path @ x=0, y=5 optimal path direction DOWN
WizardTD.Path @ x=0, y=4 Distance: 15
WizardTD.Path @ x=0, y=4 optimal path direction DOWN
WizardTD.Path @ x=0, y=3 Distance: 16
WizardTD.Path @ x=0, y=3 optimal path direction DOWN
WizardTD.Path @ x=0, y=2 Distance: 17
WizardTD.Path @ x=0, y=2 optimal path direction DOWN
WizardTD.Path @ x=0, y=1 Distance: 18
WizardTD.Path @ x=0, y=1 optimal path direction DOWN
WizardTD.Path @ x=9, y=9 Distance: 1
WizardTD.Path @ x=9, y=9 optimal path direction DOWN
WizardTD.Path @ x=9, y=8 Distance: 2
WizardTD.Path @ x=9, y=8 optimal path direction DOWN
WizardTD.Path @ x=9, y=7 Distance: 3
WizardTD.Path @ x=9, y=7 optimal path direction DOWN
WizardTD.Path @ x=9, y=6 Distance: 4
WizardTD.Path @ x=9, y=6 optimal path direction DOWN
WizardTD.Path @ x=9, y=5 Distance: 5
WizardTD.Path @ x=9, y=5 optimal path direction DOWN
WizardTD.Path @ x=9, y=4 Distance: 6
WizardTD.Path @ x=9, y=4 optimal path direction DOWN
WizardTD.Path @ x=9, y=3 Distance: 7
WizardTD.Path @ x=9, y=3 optimal path direction DOWN
WizardTD.Path @ x=9, y=2 Distance: 8
WizardTD.Path @ x=9, y=2 optimal path direction DOWN
WizardTD.Path @ x=9, y=1 Distance: 9
WizardTD.Path @ x=9, y=1 optimal path direction DOWN
WizardTD.Path @ x=9, y=0 Distance: 10
WizardTD.Path @ x=9, y=0 optimal path direction DOWN
WizardTD.Path @ x=10, y=0 Distance: 11
WizardTD.Path @ x=10, y=0 optimal path direction LEFT
WizardTD.Path @ x=11, y=0 Distance: 12
WizardTD.Path @ x=11, y=0 optimal path direction LEFT
WizardTD.Path @ x=12, y=0 Distance: 13
WizardTD.Path @ x=12, y=0 optimal path direction LEFT
WizardTD.Path @ x=13, y=0 Distance: 14
WizardTD.Path @ x=13, y=0 optimal path direction LEFT
WizardTD.Path @ x=14, y=0 Distance: 15
WizardTD.Path @ x=14, y=0 optimal path direction LEFT
WizardTD.Path @ x=15, y=0 Distance: 16
WizardTD.Path @ x=15, y=0 optimal path direction LEFT
WizardTD.Path @ x=16, y=0 Distance: 17
WizardTD.Path @ x=16, y=0 optimal path direction LEFT
WizardTD.Path @ x=17, y=0 Distance: 18
WizardTD.Path @ x=17, y=0 optimal path direction LEFT
WizardTD.Path @ x=18, y=0 Distance: 19
WizardTD.Path @ x=18, y=0 optimal path direction LEFT
WizardTD.Path @ x=8, y=0 Distance: 11
WizardTD.Path @ x=8, y=0 optimal path direction RIGHT
WizardTD.Path @ x=7, y=0 Distance: 12
WizardTD.Path @ x=7, y=0 optimal path direction RIGHT
WizardTD.Path @ x=6, y=0 Distance: 13
WizardTD.Path @ x=6, y=0 optimal path direction RIGHT
WizardTD.Path @ x=5, y=0 Distance: 14
WizardTD.Path @ x=5, y=0 optimal path direction RIGHT
WizardTD.Path @ x=4, y=0 Distance: 15
WizardTD.Path @ x=4, y=0 optimal path direction RIGHT
WizardTD.Path @ x=3, y=0 Distance: 16
WizardTD.Path @ x=3, y=0 optimal path direction RIGHT
WizardTD.Path @ x=2, y=0 Distance: 17
WizardTD.Path @ x=2, y=0 optimal path direction RIGHT
WizardTD.Path @ x=1, y=0 Distance: 18
WizardTD.Path @ x=1, y=0 optimal path direction RIGHT
Wave created
1800.0
upgraded range to 1 0 0 tower at (1, 1)
upgraded speed to 1 1 0 tower at (1, 1)
upgraded damage to 1 1 1 tower at (1, 1)
Created: 1 1 1 tower at (1, 1)
upgraded range to 2 1 1 tower at (1, 1)
upgraded speed to 2 2 1 tower at (1, 1)
upgraded damage to 2 2 2 tower at (1, 1)
row 0 read
row 1 read
row 2 read
row 3 read
row 4 read
row 5 read
row 6 read
row 7 read
row 8 read
row 9 read
row 10 read
row 11 read
row 12 read
row 13 read
row 14 read
row 15 read
row 16 read
row 17 read
row 18 read
row 19 read
matrix made
WizardTD.Path @ x=0, y=1 is a spawn
WizardTD.Path @ x=0, y=1 assigned rotation
WizardTD.Path @ x=0, y=2 is a spawn
WizardTD.Path @ x=0, y=2 assigned rotation
WizardTD.Path @ x=0, y=3 is a spawn
WizardTD.Path @ x=0, y=3 assigned rotation
WizardTD.Path @ x=0, y=4 is a spawn
WizardTD.Path @ x=0, y=4 assigned rotation
WizardTD.Path @ x=0, y=5 is a spawn
WizardTD.Path @ x=0, y=5 assigned rotation
WizardTD.Path @ x=0, y=6 is a spawn
WizardTD.Path @ x=0, y=6 assigned rotation
WizardTD.Path @ x=0, y=7 is a spawn
WizardTD.Path @ x=0, y=7 assigned rotation
WizardTD.Path @ x=0, y=8 is a spawn
WizardTD.Path @ x=0, y=8 assigned rotation
WizardTD.Path @ x=0, y=9 is a spawn
WizardTD.Path @ x=0, y=9 assigned rotation
WizardTD.Path @ x=0, y=10 is a spawn
WizardTD.Path @ x=0, y=10 assigned rotation
WizardTD.Path @ x=0, y=11 is a spawn
WizardTD.Path @ x=0, y=11 assigned rotation
WizardTD.Path @ x=0, y=12 is a spawn
WizardTD.Path @ x=0, y=12 assigned rotation
WizardTD.Path @ x=0, y=13 is a spawn
WizardTD.Path @ x=0, y=13 assigned rotation
WizardTD.Path @ x=0, y=14 is a spawn
WizardTD.Path @ x=0, y=14 assigned rotation
WizardTD.Path @ x=0, y=15 is a spawn
WizardTD.Path @ x=0, y=15 assigned rotation
WizardTD.Path @ x=0, y=16 is a spawn
WizardTD.Path @ x=0, y=16 assigned rotation
WizardTD.Path @ x=0, y=17 is a spawn
WizardTD.Path @ x=0, y=17 assigned rotation
WizardTD.Path @ x=0, y=18 is a spawn
WizardTD.Path @ x=0, y=18 assigned rotation
WizardTD.Path @ x=1, y=0 is a spawn
WizardTD.Path @ x=1, y=0 assigned rotation
WizardTD.Path @ x=1, y=10 assigned rotation
WizardTD.Path @ x=1, y=19 is a spawn
WizardTD.Path @ x=1, y=19 assigned rotation
WizardTD.Path @ x=2, y=0 is a spawn
WizardTD.Path @ x=2, y=0 assigned rotation
WizardTD.Path @ x=2, y=10 assigned rotation
WizardTD.Path @ x=2, y=19 is a spawn
WizardTD.Path @ x=2, y=19 assigned rotation
WizardTD.Path @ x=3, y=0 is a spawn
WizardTD.Path @ x=3, y=0 assigned rotation
WizardTD.Path @ x=3, y=10 assigned rotation
WizardTD.Path @ x=3, y=19 is a spawn
WizardTD.Path @ x=3, y=19 assigned rotation
WizardTD.Path @ x=4, y=0 is a spawn
WizardTD.Path @ x=4, y=0 assigned rotation
WizardTD.Path @ x=4, y=10 assigned rotation
WizardTD.Path @ x=4, y=19 is a spawn
WizardTD.Path @ x=4, y=19 assigned rotation
WizardTD.Path @ x=5, y=0 is a spawn
WizardTD.Path @ x=5, y=0 assigned rotation
WizardTD.Path @ x=5, y=10 assigned rotation
WizardTD.Path @ x=5, y=19 is a spawn
WizardTD.Path @ x=5, y=19 assigned rotation
WizardTD.Path @ x=6, y=0 is a spawn
WizardTD.Path @ x=6, y=0 assigned rotation
WizardTD.Path @ x=6, y=10 assigned rotation
WizardTD.Path @ x=6, y=19 is a spawn
WizardTD.Path @ x=6, y=19 assigned rotation
WizardTD.Path @ x=7, y=0 is a spawn
WizardTD.Path @ x=7, y=0 assigned rotation
WizardTD.Path @ x=7, y=10 assigned rotation
WizardTD.Path @ x=7, y=19 is a spawn
WizardTD.Path @ x=7, y=19 assigned rotation
WizardTD.Path @ x=8, y=0 is a spawn
WizardTD.Path @ x=8, y=0 assigned rotation
WizardTD.Path @ x=8, y=10 assigned rotation
WizardTD.Path @ x=8, y=19 is a spawn
WizardTD.Path @ x=8, y=19 assigned rotation
WizardTD.Path @ x=9, y=0 is a spawn
WizardTD.Path @ x=9, y=0 assigned rotation
WizardTD.Path @ x=9, y=1 assigned rotation
WizardTD.Path @ x=9, y=2 assigned rotation
WizardTD.Path @ x=9, y=3 assigned rotation
WizardTD.Path @ x=9, y=4 assigned rotation
WizardTD.Path @ x=9, y=5 assigned rotation
WizardTD.Path @ x=9, y=6 assigned rotation
WizardTD.Path @ x=9, y=7 assigned rotation
WizardTD.Path @ x=9, y=8 assigned rotation
WizardTD.Path @ x=9, y=9 assigned rotation
WizardTD.Path @ x=9, y=11 assigned rotation
WizardTD.Path @ x=9, y=12 assigned rotation
WizardTD.Path @ x=9, y=13 assigned rotation
WizardTD.Path @ x=9, y=14 assigned rotation
WizardTD.Path @ x=9, y=15 assigned rotation
WizardTD.Path @ x=9, y=16 assigned rotation
WizardTD.Path @ x=9, y=17 assigned rotation
WizardTD.Path @ x=9, y=18 assigned rotation
WizardTD.Path @ x=9, y=19 is a spawn
WizardTD.Path @ x=9, y=19 assigned rotation
WizardTD.Path @ x=10, y=0 is a spawn
WizardTD.Path @ x=10, y=0 assigned rotation
WizardTD.Path @ x=10, y=10 assigned rotation
WizardTD.Path @ x=10, y=19 is a spawn
WizardTD.Path @ x=10, y=19 assigned rotation
WizardTD.Path @ x=11, y=0 is a spawn
WizardTD.Path @ x=11, y=0 assigned rotation
WizardTD.Path @ x=11, y=10 assigned rotation
WizardTD.Path @ x=11, y=19 is a spawn
WizardTD.Path @ x=11, y=19 assigned rotation
WizardTD.Path @ x=12, y=0 is a spawn
WizardTD.Path @ x=12, y=0 assigned rotation
WizardTD.Path @ x=12, y=10 assigned rotation
WizardTD.Path @ x=12, y=19 is a spawn
WizardTD.Path @ x=12, y=19 assigned rotation
WizardTD.Path @ x=13, y=0 is a spawn
WizardTD.Path @ x=13, y=0 assigned rotation
WizardTD.Path @ x=13, y=10 assigned rotation
WizardTD.Path @ x=13, y=19 is a spawn
WizardTD.Path @ x=13, y=19 assigned rotation
WizardTD.Path @ x=14, y=0 is a spawn
WizardTD.Path @ x=14, y=0 assigned rotation
WizardTD.Path @ x=14, y=10 assigned rotation
WizardTD.Path @ x=14, y=19 is a spawn
WizardTD.Path @ x=14, y=19 assigned rotation
WizardTD.Path @ x=15, y=0 is a spawn
WizardTD.Path @ x=15, y=0 assigned rotation
WizardTD.Path @ x=15, y=10 assigned rotation
WizardTD.Path @ x=15, y=19 is a spawn
WizardTD.Path @ x=15, y=19 assigned rotation
WizardTD.Path @ x=16, y=0 is a spawn
WizardTD.Path @ x=16, y=0 assigned rotation
WizardTD.Path @ x=16, y=10 assigned rotation
WizardTD.Path @ x=16, y=19 is a spawn
WizardTD.Path @ x=16, y=19 assigned rotation
WizardTD.Path @ x=17, y=0 is a spawn
WizardTD.Path @ x=17, y=0 assigned rotation
WizardTD.Path @ x=17, y=10 assigned rotation
WizardTD.Path @ x=17, y=19 is a spawn
WizardTD.Path @ x=17, y=19 assigned rotation
WizardTD.Path @ x=18, y=0 is a spawn
WizardTD.Path @ x=18, y=0 assigned rotation
WizardTD.Path @ x=18, y=10 assigned rotation
WizardTD.Path @ x=18, y=19 is a spawn
WizardTD.Path @ x=18, y=19 assigned rotation
WizardTD.Path @ x=19, y=1 is a spawn
WizardTD.Path @ x=19, y=1 assigned rotation
WizardTD.Path @ x=19, y=2 is a spawn
WizardTD.Path @ x=19, y=2 assigned rotation
WizardTD.Path @ x=19, y=3 is a spawn
WizardTD.Path @ x=19, y=3 assigned rotation
WizardTD.Path @ x=19, y=4 is a spawn
WizardTD.Path @ x=19, y=4 assigned rotation
WizardTD.Path @ x=19, y=5 is a spawn
WizardTD.Path @ x=19, y=5 assigned rotation
WizardTD.Path @ x=19, y=6 is a spawn
WizardTD.Path @ x=19, y=6 assigned rotation
WizardTD.Path @ x=19, y=7 is a spawn
WizardTD.Path @ x=19, y=7 assigned rotation
WizardTD.Path @ x=19, y=8 is a spawn
WizardTD.Path @ x=19, y=8 assigned rotation
WizardTD.Path @ x=19, y=9 is a spawn
WizardTD.Path @ x=19, y=9 assigned rotation
WizardTD.Path @ x=19, y=10 is a spawn
WizardTD.Path @ x=19, y=10 assigned rotation
WizardTD.Path @ x=19, y=11 is a spawn
WizardTD.Path @ x=19, y=11 assigned rotation
WizardTD.Path @ x=19, y=12 is a spawn
WizardTD.Path @ x=19, y=12 assigned rotation
WizardTD.Path @ x=19, y=13 is a spawn
WizardTD.Path @ x=19, y=13 assigned rotation
WizardTD.Path @ x=19, y=14 is a spawn
WizardTD.Path @ x=19, y=14 assigned rotation
WizardTD.Path @ x=19, y=15 is a spawn
WizardTD.Path @ x=19, y=15 assigned rotation
WizardTD.Path @ x=19, y=16 is a spawn
WizardTD.Path @ x=19, y=16 assigned rotation
WizardTD.Path @ x=19, y=17 is a spawn
WizardTD.Path @ x=19, y=17 assigned rotation
WizardTD.Path @ x=19, y=18 is a spawn
WizardTD.Path @ x=19, y=18 assigned rotation
Paths rotated
WizardTD.Path @ x=9, y=11 Distance: 1
WizardTD.Path @ x=9, y=11 optimal path direction UP
WizardTD.Path @ x=9, y=12 Distance: 2
WizardTD.Path @ x=9, y=12 optimal path direction UP
WizardTD.Path @ x=9, y=13 Distance: 3
WizardTD.Path @ x=9, y=13 optimal path direction UP
WizardTD.Path @ x=9, y=14 Distance: 4
WizardTD.Path @ x=9, y=14 optimal path direction UP
WizardTD.Path @ x=9, y=15 Distance: 5
WizardTD.Path @ x=9, y=15 optimal path direction UP
WizardTD.Path @ x=9, y=16 Distance: 6
WizardTD.Path @ x=9, y=16 optimal path direction UP
WizardTD.Path @ x=9, y=17 Distance: 7
WizardTD.Path @ x=9, y=17 optimal path direction UP
WizardTD.Path @ x=9, y=18 Distance: 8
WizardTD.Path @ x=9, y=18 optimal path direction UP
WizardTD.Path @ x=9, y=19 Distance: 9
WizardTD.Path @ x=9, y=19 optimal path direction UP
WizardTD.Path @ x=10, y=19 Distance: 10
WizardTD.Path @ x=10, y=19 optimal path direction LEFT
WizardTD.Path @ x=11, y=19 Distance: 11
WizardTD.Path @ x=11, y=19 optimal path direction LEFT
WizardTD.Path @ x=12, y=19 Distance: 12
WizardTD.Path @ x=12, y=19 optimal path direction LEFT
WizardTD.Path @ x=13, y=19 Distance: 13
WizardTD.Path @ x=13, y=19 optimal path direction LEFT
WizardTD.Path @ x=14, y=19 Distance: 14
WizardTD.Path @ x=14, y=19 optimal path direction LEFT
WizardTD.Path @ x=15, y=19 Distance: 15
WizardTD.Path @ x=15, y=19 optimal path direction LEFT
WizardTD.Path @ x=16, y=19 Distance: 16
WizardTD.Path @ x=16, y=19 optimal path direction LEFT
WizardTD.Path @ x=17, y=19 Distance: 17
WizardTD.Path @ x=17, y=19 optimal path direction LEFT
WizardTD.Path @ x=18, y=19 Distance: 18
WizardTD.Path @ x=18, y=19 optimal path direction LEFT
WizardTD.Path @ x=8, y=19 Distance: 10
WizardTD.Path @ x=8, y=19 optimal path direction RIGHT
WizardTD.Path @ x=7, y=19 Distance: 11
WizardTD.Path @ x=7, y=19 optimal path direction RIGHT
WizardTD.Path @ x=6, y=19 Distance: 12
WizardTD.Path @ x=6, y=19 optimal path direction RIGHT
WizardTD.Path @ x=5, y=19 Distance: 13
WizardTD.Path @ x=5, y=19 optimal path direction RIGHT
WizardTD.Path @ x=4, y=19 Distance: 14
WizardTD.Path @ x=4, y=19 optimal path direction RIGHT
WizardTD.Path @ x=3, y=19 Distance: 15
WizardTD.Path @ x=3, y=19 optimal path direction RIGHT
WizardTD.Path @ x=2, y=19 Distance: 16
WizardTD.Path @ x=2, y=19 optimal path direction RIGHT
WizardTD.Path @ x=1, y=19 Distance: 17
WizardTD.Path @ x=1, y=19 optimal path direction RIGHT
WizardTD.Path @ x=10, y=10 Distance: 1
WizardTD.Path @ x=10, y=10 optimal path direction LEFT
WizardTD.Path @ x=11, y=10 Distance: 2
WizardTD.Path @ x=11, y=10 optimal path direction LEFT
WizardTD.Path @ x=12, y=10 Distance: 3
WizardTD.Path @ x=12, y=10 optimal path direction LEFT
WizardTD.Path @ x=13, y=10 Distance: 4
WizardTD.Path @ x=13, y=10 optimal path direction LEFT
WizardTD.Path @ x=14, y=10 Distance: 5
WizardTD.Path @ x=14, y=10 optimal path direction LEFT
WizardTD.Path @ x=15, y=10 Distance: 6
WizardTD.Path @ x=15, y=10 optimal path direction LEFT
WizardTD.Path @ x=16, y=10 Distance: 7
WizardTD.Path @ x=16, y=10 optimal path direction LEFT
WizardTD.Path @ x=17, y=10 Distance: 8
WizardTD.Path @ x=17, y=10 optimal path direction LEFT
WizardTD.Path @ x=18, y=10 Distance: 9
WizardTD.Path @ x=18, y=10 optimal path direction LEFT
WizardTD.Path @ x=19, y=10 Distance: 10
WizardTD.Path @ x=19, y=10 optimal path direction LEFT
WizardTD.Path @ x=19, y=11 Distance: 11
WizardTD.Path @ x=19, y=11 optimal path direction UP
WizardTD.Path @ x=19, y=12 Distance: 12
WizardTD.Path @ x=19, y=12 optimal path direction UP
WizardTD.Path @ x=19, y=13 Distance: 13
WizardTD.Path @ x=19, y=13 optimal path direction UP
WizardTD.Path @ x=19, y=14 Distance: 14
WizardTD.Path @ x=19, y=14 optimal path direction UP
WizardTD.Path @ x=19, y=15 Distance: 15
WizardTD.Path @ x=19, y=15 optimal path direction UP
WizardTD.Path @ x=19, y=16 Distance: 16
WizardTD.Path @ x=19, y=16 optimal path direction UP
WizardTD.Path @ x=19, y=17 Distance: 17
WizardTD.Path @ x=19, y=17 optimal path direction UP
WizardTD.Path @ x=19, y=18 Distance: 18
WizardTD.Path @ x=19, y=18 optimal path direction UP
WizardTD.Path @ x=19, y=9 Distance: 11
WizardTD.Path @ x=19, y=9 optimal path direction DOWN
WizardTD.Path @ x=19, y=8 Distance: 12
WizardTD.Path @ x=19, y=8 optimal path direction DOWN
WizardTD.Path @ x=19, y=7 Distance: 13
WizardTD.Path @ x=19, y=7 optimal path direction DOWN
WizardTD.Path @ x=19, y=6 Distance: 14
WizardTD.Path @ x=19, y=6 optimal path direction DOWN
WizardTD.Path @ x=19, y=5 Distance: 15
WizardTD.Path @ x=19, y=5 optimal path direction DOWN
WizardTD.Path @ x=19, y=4 Distance: 16
WizardTD.Path @ x=19, y=4 optimal path direction DOWN
WizardTD.Path @ x=19, y=3 Distance: 17
WizardTD.Path @ x=19, y=3 optimal path direction DOWN
WizardTD.Path @ x=19, y=2 Distance: 18
WizardTD.Path @ x=19, y=2 optimal path direction DOWN
WizardTD.Path @ x=19, y=1 Distance: 19
WizardTD.Path @ x=19, y=1 optimal path direction DOWN
WizardTD.Path @ x=8, y=10 Distance: 1
WizardTD.Path @ x=8, y=10 optimal path direction RIGHT
WizardTD.Path @ x=7, y=10 Distance: 2
WizardTD.Path @ x=7, y=10 optimal path direction RIGHT
WizardTD.Path @ x=6, y=10 Distance: 3
WizardTD.Path @ x=6, y=10 optimal path direction RIGHT
WizardTD.Path @ x=5, y=10 Distance: 4
WizardTD.Path @ x=5, y=10 optimal path direction RIGHT
WizardTD.Path @ x=4, y=10 Distance: 5
WizardTD.Path @ x=4, y=10 optimal path direction RIGHT
WizardTD.Path @ x=3, y=10 Distance: 6
WizardTD.Path @ x=3, y=10 optimal path direction RIGHT
WizardTD.Path @ x=2, y=10 Distance: 7
WizardTD.Path @ x=2, y=10 optimal path direction RIGHT
WizardTD.Path @ x=1, y=10 Distance: 8
WizardTD.Path @ x=1, y=10 optimal path direction RIGHT
WizardTD.Path @ x=0, y=10 Distance: 9
WizardTD.Path @ x=0, y=10 optimal path direction RIGHT
WizardTD.Path @ x=0, y=11 Distance: 10
WizardTD.Path @ x=0, y=11 optimal path direction UP
WizardTD.Path @ x=0, y=12 Distance: 11
WizardTD.Path @ x=0, y=12 optimal path direction UP
WizardTD.Path @ x=0, y=13 Distance: 12
WizardTD.Path @ x=0, y=13 optimal path direction UP
WizardTD.Path @ x=0, y=14 Distance: 13
WizardTD.Path @ x=0, y=14 optimal path direction UP
WizardTD.Path @ x=0, y=15 Distance: 14
WizardTD.Path @ x=0, y=15 optimal path direction UP
WizardTD.Path @ x=0, y=16 Distance: 15
WizardTD.Path @ x=0, y=16 optimal path direction UP
WizardTD.Path @ x=0, y=17 Distance: 16
WizardTD.Path @ x=0, y=17 optimal path direction UP
WizardTD.Path @ x=0, y=18 Distance: 17
WizardTD.Path @ x=0, y=18 optimal path direction UP
WizardTD.Path @ x=0, y=9 Distance: 10
WizardTD.Path @ x=0, y=9 optimal path direction DOWN
WizardTD.Path @ x=0, y=8 Distance: 11
WizardTD.Path @ x=0, y=8 optimal path direction DOWN
WizardTD.Path @ x=0, y=7 Distance: 12
WizardTD.Path @ x=0, y=7 optimal path direction DOWN
WizardTD.Path @ x=0, y=6 Distance: 13
WizardTD.Path @ x=0, y=6 optimal path direction DOWN
WizardTD.Path @ x=0, y=5 Distance: 14
WizardTD.Path @ x=0, y=5 optimal path direction DOWN
WizardTD.Path @ x=0, y=4 Distance: 15
WizardTD.Path @ x=0, y=4 optimal path direction DOWN
WizardTD.Path @ x=0, y=3 Distance: 16
WizardTD.Path @ x=0, y=3 optimal path direction DOWN
WizardTD.Path @ x=0, y=2 Distance: 17
WizardTD.Path @ x=0, y=2 optimal path direction DOWN
WizardTD.Path @ x=0, y=1 Distance: 18
WizardTD.Path @ x=0, y=1 optimal path direction DOWN
WizardTD.Path @ x=9, y=9 Distance: 1
WizardTD.Path @ x=9, y=9 optimal path direction DOWN
WizardTD.Path @ x=9, y=8 Distance: 2
WizardTD.Path @ x=9, y=8 optimal path direction DOWN
WizardTD.Path @ x=9, y=7 Distance: 3
WizardTD.Path @ x=9, y=7 optimal path direction DOWN
WizardTD.Path @ x=9, y=6 Distance: 4
WizardTD.Path @ x=9, y=6 optimal path direction DOWN
WizardTD.Path @ x=9, y=5 Distance: 5
WizardTD.Path @ x=9, y=5 optimal path direction DOWN
WizardTD.Path @ x=9, y=4 Distance: 6
WizardTD.Path @ x=9, y=4 optimal path direction DOWN
WizardTD.Path @ x=9, y=3 Distance: 7
WizardTD.Path @ x=9, y=3 optimal path direction DOWN
WizardTD.Path @ x=9, y=2 Distance: 8
WizardTD.Path @ x=9, y=2 optimal path direction DOWN
WizardTD.Path @ x=9, y=1 Distance: 9
WizardTD.Path @ x=9, y=1 optimal path direction DOWN
WizardTD.Path @ x=9, y=0 Distance: 10
WizardTD.Path @ x=9, y=0 optimal path direction DOWN
WizardTD.Path @ x=10, y=0 Distance: 11
WizardTD.Path @ x=10, y=0 optimal path direction LEFT
WizardTD.Path @ x=11, y=0 Distance: 12
WizardTD.Path @ x=11, y=0 optimal path direction LEFT
WizardTD.Path @ x=12, y=0 Distance: 13
WizardTD.Path @ x=12, y=0 optimal path direction LEFT
WizardTD.Path @ x=13, y=0 Distance: 14
WizardTD.Path @ x=13, y=0 optimal path direction LEFT
WizardTD.Path @ x=14, y=0 Distance: 15
WizardTD.Path @ x=14, y=0 optimal path direction LEFT
WizardTD.Path @ x=15, y=0 Distance: 16
WizardTD.Path @ x=15, y=0 optimal path direction LEFT
WizardTD.Path @ x=16, y=0 Distance: 17
WizardTD.Path @ x=16, y=0 optimal path direction LEFT
WizardTD.Path @ x=17, y=0 Distance: 18
WizardTD.Path @ x=17, y=0 optimal path direction LEFT
WizardTD.Path @ x=18, y=0 Distance: 19
WizardTD.Path @ x=18, y=0 optimal path direction LEFT
WizardTD.Path @ x=8, y=0 Distance: 11
WizardTD.Path @ x=8, y=0 optimal path direction RIGHT
WizardTD.Path @ x=7, y=0 Distance: 12
WizardTD.Path @ x=7, y=0 optimal path direction RIGHT
WizardTD.Path @ x=6, y=0 Distance: 13
WizardTD.Path @ x=6, y=0 optimal path direction RIGHT
WizardTD.Path @ x=5, y=0 Distance: 14
WizardTD.Path @ x=5, y=0 optimal path direction RIGHT
WizardTD.Path @ x=4, y=0 Distance: 15
WizardTD.Path @ x=4, y=0 optimal path direction RIGHT
WizardTD.Path @ x=3, y=0 Distance: 16
WizardTD.Path @ x=3, y=0 optimal path direction RIGHT
WizardTD.Path @ x=2, y=0 Distance: 17
WizardTD.Path @ x=2, y=0 optimal path direction RIGHT
WizardTD.Path @ x=1, y=0 Distance: 18
WizardTD.Path @ x=1, y=0 optimal path direction RIGHT
Wave created
1800.0
upgraded range to 1 0 0 tower at (1, 1)
upgraded speed to 1 1 0 tower at (1, 1)
upgraded damage to 1 1 1 tower at (1, 1)
Created: 1 1 1 tower at (1, 1)
upgraded range to 2 1 1 tower at (1, 1)
upgraded speed to 2 2 1 tower at (1, 1)
upgraded damage to 2 2 2 tower at (1, 1)
row 0 read
row 1 read
row 2 read
row 3 read
row 4 read
row 5 read
row 6 read
row 7 read
row 8 read
row 9 read
row 10 read
row 11 read
row 12 read
row 13 read
row 14 read
row 15 read
row 16 read
row 17 read
row 18 read
row 19 read
matrix made
WizardTD.Path @ x=0, y=1 is a spawn
WizardTD.Path @ x=0, y=1 assigned rotation
WizardTD.Path @ x=0, y=2 is a spawn
WizardTD.Path @ x=0, y=2 assigned rotation
WizardTD.Path @ x=0, y=3 is a spawn
WizardTD.Path @ x=0, y=3 assigned rotation
WizardTD.Path @ x=0, y=4 is a spawn
WizardTD.Path @ x=0, y=4 assigned rotation
WizardTD.Path @ x=0, y=5 is a spawn
WizardTD.Path @ x=0, y=5 assigned rotation
WizardTD.Path @ x=0, y=6 is a spawn
WizardTD.Path @ x=0, y=6 assigned rotation
WizardTD.Path @ x=0, y=7 is a spawn
WizardTD.Path @ x=0, y=7 assigned rotation
WizardTD.Path @ x=0, y=8 is a spawn
WizardTD.Path @ x=0, y=8 assigned rotation
WizardTD.Path @ x=0, y=9 is a spawn
WizardTD.Path @ x=0, y=9 assigned rotation
WizardTD.Path @ x=0, y=10 is a spawn
WizardTD.Path @ x=0, y=10 assigned rotation
WizardTD.Path @ x=0, y=11 is a spawn
WizardTD.Path @ x=0, y=11 assigned rotation
WizardTD.Path @ x=0, y=12 is a spawn
WizardTD.Path @ x=0, y=12 assigned rotation
WizardTD.Path @ x=0, y=13 is a spawn
WizardTD.Path @ x=0, y=13 assigned rotation
WizardTD.Path @ x=0, y=14 is a spawn
WizardTD.Path @ x=0, y=14 assigned rotation
WizardTD.Path @ x=0, y=15 is a spawn
WizardTD.Path @ x=0, y=15 assigned rotation
WizardTD.Path @ x=0, y=16 is a spawn
WizardTD.Path @ x=0, y=16 assigned rotation
WizardTD.Path @ x=0, y=17 is a spawn
WizardTD.Path @ x=0, y=17 assigned rotation
WizardTD.Path @ x=0, y=18 is a spawn
WizardTD.Path @ x=0, y=18 assigned rotation
WizardTD.Path @ x=1, y=0 is a spawn
WizardTD.Path @ x=1, y=0 assigned rotation
WizardTD.Path @ x=1, y=10 assigned rotation
WizardTD.Path @ x=1, y=19 is a spawn
WizardTD.Path @ x=1, y=19 assigned rotation
WizardTD.Path @ x=2, y=0 is a spawn
WizardTD.Path @ x=2, y=0 assigned rotation
WizardTD.Path @ x=2, y=10 assigned rotation
WizardTD.Path @ x=2, y=19 is a spawn
WizardTD.Path @ x=2, y=19 assigned rotation
WizardTD.Path @ x=3, y=0 is a spawn
WizardTD.Path @ x=3, y=0 assigned rotation
WizardTD.Path @ x=3, y=10 assigned rotation
WizardTD.Path @ x=3, y=19 is a spawn
WizardTD.Path @ x=3, y=19 assigned rotation
WizardTD.Path @ x=4, y=0 is a spawn
WizardTD.Path @ x=4, y=0 assigned rotation
WizardTD.Path @ x=4, y=10 assigned rotation
WizardTD.Path @ x=4, y=19 is a spawn
WizardTD.Path @ x=4, y=19 assigned rotation
WizardTD.Path @ x=5, y=0 is a spawn
WizardTD.Path @ x=5, y=0 assigned rotation
WizardTD.Path @ x=5, y=10 assigned rotation
WizardTD.Path @ x=5, y=19 is a spawn
WizardTD.Path @ x=5, y=19 assigned rotation
WizardTD.Path @ x=6, y=0 is a spawn
WizardTD.Path @ x=6, y=0 assigned rotation
WizardTD.Path @ x=6, y=10 assigned rotation
WizardTD.Path @ x=6, y=19 is a spawn
WizardTD.Path @ x=6, y=19 assigned rotation
WizardTD.Path @ x=7, y=0 is a spawn
WizardTD.Path @ x=7, y=0 assigned rotation
WizardTD.Path @ x=7, y=10 assigned rotation
WizardTD.Path @ x=7, y=19 is a spawn
WizardTD.Path @ x=7, y=19 assigned rotation
WizardTD.Path @ x=8, y=0 is a spawn
WizardTD.Path @ x=8, y=0 assigned rotation
WizardTD.Path @ x=8, y=10 assigned rotation
WizardTD.Path @ x=8, y=19 is a spawn
WizardTD.Path @ x=8, y=19 assigned rotation
WizardTD.Path @ x=9, y=0 is a spawn
WizardTD.Path @ x=9, y=0 assigned rotation
WizardTD.Path @ x=9, y=1 assigned rotation
WizardTD.Path @ x=9, y=2 assigned rotation
WizardTD.Path @ x=9, y=3 assigned rotation
WizardTD.Path @ x=9, y=4 assigned rotation
WizardTD.Path @ x=9, y=5 assigned rotation
WizardTD.Path @ x=9, y=6 assigned rotation
WizardTD.Path @ x=9, y=7 assigned rotation
WizardTD.Path @ x=9, y=8 assigned rotation
WizardTD.Path @ x=9, y=9 assigned rotation
WizardTD.Path @ x=9, y=11 assigned rotation
WizardTD.Path @ x=9, y=12 assigned rotation
WizardTD.Path @ x=9, y=13 assigned rotation
WizardTD.Path @ x=9, y=14 assigned rotation
WizardTD.Path @ x=9, y=15 assigned rotation
WizardTD.Path @ x=9, y=16 assigned rotation
WizardTD.Path @ x=9, y=17 assigned rotation
WizardTD.Path @ x=9, y=18 assigned rotation
WizardTD.Path @ x=9, y=19 is a spawn
WizardTD.Path @ x=9, y=19 assigned rotation
WizardTD.Path @ x=10, y=0 is a spawn
WizardTD.Path @ x=10, y=0 assigned rotation
WizardTD.Path @ x=10, y=10 assigned rotation
WizardTD.Path @ x=10, y=19 is a spawn
WizardTD.Path @ x=10, y=19 assigned rotation
WizardTD.Path @ x=11, y=0 is a spawn
WizardTD.Path @ x=11, y=0 assigned rotation
WizardTD.Path @ x=11, y=10 assigned rotation
WizardTD.Path @ x=11, y=19 is a spawn
WizardTD.Path @ x=11, y=19 assigned rotation
WizardTD.Path @ x=12, y=0 is a spawn
WizardTD.Path @ x=12, y=0 assigned rotation
WizardTD.Path @ x=12, y=10 assigned rotation
WizardTD.Path @ x=12, y=19 is a spawn
WizardTD.Path @ x=12, y=19 assigned rotation
WizardTD.Path @ x=13, y=0 is a spawn
WizardTD.Path @ x=13, y=0 assigned rotation
WizardTD.Path @ x=13, y=10 assigned rotation
WizardTD.Path @ x=13, y=19 is a spawn
WizardTD.Path @ x=13, y=19 assigned rotation
WizardTD.Path @ x=14, y=0 is a spawn
WizardTD.Path @ x=14, y=0 assigned rotation
WizardTD.Path @ x=14, y=10 assigned rotation
WizardTD.Path @ x=14, y=19 is a spawn
WizardTD.Path @ x=14, y=19 assigned rotation
WizardTD.Path @ x=15, y=0 is a spawn
WizardTD.Path @ x=15, y=0 assigned rotation
WizardTD.Path @ x=15, y=10 assigned rotation
WizardTD.Path @ x=15, y=19 is a spawn
WizardTD.Path @ x=15, y=19 assigned rotation
WizardTD.Path @ x=16, y=0 is a spawn
WizardTD.Path @ x=16, y=0 assigned rotation
WizardTD.Path @ x=16, y=10 assigned rotation
WizardTD.Path @ x=16, y=19 is a spawn
WizardTD.Path @ x=16, y=19 assigned rotation
WizardTD.Path @ x=17, y=0 is a spawn
WizardTD.Path @ x=17, y=0 assigned rotation
WizardTD.Path @ x=17, y=10 assigned rotation
WizardTD.Path @ x=17, y=19 is a spawn
WizardTD.Path @ x=17, y=19 assigned rotation
WizardTD.Path @ x=18, y=0 is a spawn
WizardTD.Path @ x=18, y=0 assigned rotation
WizardTD.Path @ x=18, y=10 assigned rotation
WizardTD.Path @ x=18, y=19 is a spawn
WizardTD.Path @ x=18, y=19 assigned rotation
WizardTD.Path @ x=19, y=1 is a spawn
WizardTD.Path @ x=19, y=1 assigned rotation
WizardTD.Path @ x=19, y=2 is a spawn
WizardTD.Path @ x=19, y=2 assigned rotation
WizardTD.Path @ x=19, y=3 is a spawn
WizardTD.Path @ x=19, y=3 assigned rotation
WizardTD.Path @ x=19, y=4 is a spawn
WizardTD.Path @ x=19, y=4 assigned rotation
WizardTD.Path @ x=19, y=5 is a spawn
WizardTD.Path @ x=19, y=5 assigned rotation
WizardTD.Path @ x=19, y=6 is a spawn
WizardTD.Path @ x=19, y=6 assigned rotation
WizardTD.Path @ x=19, y=7 is a spawn
WizardTD.Path @ x=19, y=7 assigned rotation
WizardTD.Path @ x=19, y=8 is a spawn
WizardTD.Path @ x=19, y=8 assigned rotation
WizardTD.Path @ x=19, y=9 is a spawn
WizardTD.Path @ x=19, y=9 assigned rotation
WizardTD.Path @ x=19, y=10 is a spawn
WizardTD.Path @ x=19, y=10 assigned rotation
WizardTD.Path @ x=19, y=11 is a spawn
WizardTD.Path @ x=19, y=11 assigned rotation
WizardTD.Path @ x=19, y=12 is a spawn
WizardTD.Path @ x=19, y=12 assigned rotation
WizardTD.Path @ x=19, y=13 is a spawn
WizardTD.Path @ x=19, y=13 assigned rotation
WizardTD.Path @ x=19, y=14 is a spawn
WizardTD.Path @ x=19, y=14 assigned rotation
WizardTD.Path @ x=19, y=15 is a spawn
WizardTD.Path @ x=19, y=15 assigned rotation
WizardTD.Path @ x=19, y=16 is a spawn
WizardTD.Path @ x=19, y=16 assigned rotation
WizardTD.Path @ x=19, y=17 is a spawn
WizardTD.Path @ x=19, y=17 assigned rotation
WizardTD.Path @ x=19, y=18 is a spawn
WizardTD.Path @ x=19, y=18 assigned rotation
Paths rotated
WizardTD.Path @ x=9, y=11 Distance: 1
WizardTD.Path @ x=9, y=11 optimal path direction UP
WizardTD.Path @ x=9, y=12 Distance: 2
WizardTD.Path @ x=9, y=12 optimal path direction UP
WizardTD.Path @ x=9, y=13 Distance: 3
WizardTD.Path @ x=9, y=13 optimal path direction UP
WizardTD.Path @ x=9, y=14 Distance: 4
WizardTD.Path @ x=9, y=14 optimal path direction UP
WizardTD.Path @ x=9, y=15 Distance: 5
WizardTD.Path @ x=9, y=15 optimal path direction UP
WizardTD.Path @ x=9, y=16 Distance: 6
WizardTD.Path @ x=9, y=16 optimal path direction UP
WizardTD.Path @ x=9, y=17 Distance: 7
WizardTD.Path @ x=9, y=17 optimal path direction UP
WizardTD.Path @ x=9, y=18 Distance: 8
WizardTD.Path @ x=9, y=18 optimal path direction UP
WizardTD.Path @ x=9, y=19 Distance: 9
WizardTD.Path @ x=9, y=19 optimal path direction UP
WizardTD.Path @ x=10, y=19 Distance: 10
WizardTD.Path @ x=10, y=19 optimal path direction LEFT
WizardTD.Path @ x=11, y=19 Distance: 11
WizardTD.Path @ x=11, y=19 optimal path direction LEFT
WizardTD.Path @ x=12, y=19 Distance: 12
WizardTD.Path @ x=12, y=19 optimal path direction LEFT
WizardTD.Path @ x=13, y=19 Distance: 13
WizardTD.Path @ x=13, y=19 optimal path direction LEFT
WizardTD.Path @ x=14, y=19 Distance: 14
WizardTD.Path @ x=14, y=19 optimal path direction LEFT
WizardTD.Path @ x=15, y=19 Distance: 15
WizardTD.Path @ x=15, y=19 optimal path direction LEFT
WizardTD.Path @ x=16, y=19 Distance: 16
WizardTD.Path @ x=16, y=19 optimal path direction LEFT
WizardTD.Path @ x=17, y=19 Distance: 17
WizardTD.Path @ x=17, y=19 optimal path direction LEFT
WizardTD.Path @ x=18, y=19 Distance: 18
WizardTD.Path @ x=18, y=19 optimal path direction LEFT
WizardTD.Path @ x=8, y=19 Distance: 10
WizardTD.Path @ x=8, y=19 optimal path direction RIGHT
WizardTD.Path @ x=7, y=19 Distance: 11
WizardTD.Path @ x=7, y=19 optimal path direction RIGHT
WizardTD.Path @ x=6, y=19 Distance: 12
WizardTD.Path @ x=6, y=19 optimal path direction RIGHT
WizardTD.Path @ x=5, y=19 Distance: 13
WizardTD.Path @ x=5, y=19 optimal path direction RIGHT
WizardTD.Path @ x=4, y=19 Distance: 14
WizardTD.Path @ x=4, y=19 optimal path direction RIGHT
WizardTD.Path @ x=3, y=19 Distance: 15
WizardTD.Path @ x=3, y=19 optimal path direction RIGHT
WizardTD.Path @ x=2, y=19 Distance: 16
WizardTD.Path @ x=2, y=19 optimal path direction RIGHT
WizardTD.Path @ x=1, y=19 Distance: 17
WizardTD.Path @ x=1, y=19 optimal path direction RIGHT
WizardTD.Path @ x=10, y=10 Distance: 1
WizardTD.Path @ x=10, y=10 optimal path direction LEFT
WizardTD.Path @ x=11, y=10 Distance: 2
WizardTD.Path @ x=11, y=10 optimal path direction LEFT
WizardTD.Path @ x=12, y=10 Distance: 3
WizardTD.Path @ x=12, y=10 optimal path direction LEFT
WizardTD.Path @ x=13, y=10 Distance: 4
WizardTD.Path @ x=13, y=10 optimal path direction LEFT
WizardTD.Path @ x=14, y=10 Distance: 5
WizardTD.Path @ x=14, y=10 optimal path direction LEFT
WizardTD.Path @ x=15, y=10 Distance: 6
WizardTD.Path @ x=15, y=10 optimal path direction LEFT
WizardTD.Path @ x=16, y=10 Distance: 7
WizardTD.Path @ x=16, y=10 optimal path direction LEFT
WizardTD.Path @ x=17, y=10 Distance: 8
WizardTD.Path @ x=17, y=10 optimal path direction LEFT
WizardTD.Path @ x=18, y=10 Distance: 9
WizardTD.Path @ x=18, y=10 optimal path direction LEFT
WizardTD.Path @ x=19, y=10 Distance: 10
WizardTD.Path @ x=19, y=10 optimal path direction LEFT
WizardTD.Path @ x=19, y=11 Distance: 11
WizardTD.Path @ x=19, y=11 optimal path direction UP
WizardTD.Path @ x=19, y=12 Distance: 12
WizardTD.Path @ x=19, y=12 optimal path direction UP
WizardTD.Path @ x=19, y=13 Distance: 13
WizardTD.Path @ x=19, y=13 optimal path direction UP
WizardTD.Path @ x=19, y=14 Distance: 14
WizardTD.Path @ x=19, y=14 optimal path direction UP
WizardTD.Path @ x=19, y=15 Distance: 15
WizardTD.Path @ x=19, y=15 optimal path direction UP
WizardTD.Path @ x=19, y=16 Distance: 16
WizardTD.Path @ x=19, y=16 optimal path direction UP
WizardTD.Path @ x=19, y=17 Distance: 17
WizardTD.Path @ x=19, y=17 optimal path direction UP
WizardTD.Path @ x=19, y=18 Distance: 18
WizardTD.Path @ x=19, y=18 optimal path direction UP
WizardTD.Path @ x=19, y=9 Distance: 11
WizardTD.Path @ x=19, y=9 optimal path direction DOWN
WizardTD.Path @ x=19, y=8 Distance: 12
WizardTD.Path @ x=19, y=8 optimal path direction DOWN
WizardTD.Path @ x=19, y=7 Distance: 13
WizardTD.Path @ x=19, y=7 optimal path direction DOWN
WizardTD.Path @ x=19, y=6 Distance: 14
WizardTD.Path @ x=19, y=6 optimal path direction DOWN
WizardTD.Path @ x=19, y=5 Distance: 15
WizardTD.Path @ x=19, y=5 optimal path direction DOWN
WizardTD.Path @ x=19, y=4 Distance: 16
WizardTD.Path @ x=19, y=4 optimal path direction DOWN
WizardTD.Path @ x=19, y=3 Distance: 17
WizardTD.Path @ x=19, y=3 optimal path direction DOWN
WizardTD.Path @ x=19, y=2 Distance: 18
WizardTD.Path @ x=19, y=2 optimal path direction DOWN
WizardTD.Path @ x=19, y=1 Distance: 19
WizardTD.Path @ x=19, y=1 optimal path direction DOWN
WizardTD.Path @ x=8, y=10 Distance: 1
WizardTD.Path @ x=8, y=10 optimal path direction RIGHT
WizardTD.Path @ x=7, y=10 Distance: 2
WizardTD.Path @ x=7, y=10 optimal path direction RIGHT
WizardTD.Path @ x=6, y=10 Distance: 3
WizardTD.Path @ x=6, y=10 optimal path direction RIGHT
WizardTD.Path @ x=5, y=10 Distance: 4
WizardTD.Path @ x=5, y=10 optimal path direction RIGHT
WizardTD.Path @ x=4, y=10 Distance: 5
WizardTD.Path @ x=4, y=10 optimal path direction RIGHT
WizardTD.Path @ x=3, y=10 Distance: 6
WizardTD.Path @ x=3, y=10 optimal path direction RIGHT
WizardTD.Path @ x=2, y=10 Distance: 7
WizardTD.Path @ x=2, y=10 optimal path direction RIGHT
WizardTD.Path @ x=1, y=10 Distance: 8
WizardTD.Path @ x=1, y=10 optimal path direction RIGHT
WizardTD.Path @ x=0, y=10 Distance: 9
WizardTD.Path @ x=0, y=10 optimal path direction RIGHT
WizardTD.Path @ x=0, y=11 Distance: 10
WizardTD.Path @ x=0, y=11 optimal path direction UP
WizardTD.Path @ x=0, y=12 Distance: 11
WizardTD.Path @ x=0, y=12 optimal path direction UP
WizardTD.Path @ x=0, y=13 Distance: 12
WizardTD.Path @ x=0, y=13 optimal path direction UP
WizardTD.Path @ x=0, y=14 Distance: 13
WizardTD.Path @ x=0, y=14 optimal path direction UP
WizardTD.Path @ x=0, y=15 Distance: 14
WizardTD.Path @ x=0, y=15 optimal path direction UP
WizardTD.Path @ x=0, y=16 Distance: 15
WizardTD.Path @ x=0, y=16 optimal path direction UP
WizardTD.Path @ x=0, y=17 Distance: 16
WizardTD.Path @ x=0, y=17 optimal path direction UP
WizardTD.Path @ x=0, y=18 Distance: 17
WizardTD.Path @ x=0, y=18 optimal path direction UP
WizardTD.Path @ x=0, y=9 Distance: 10
WizardTD.Path @ x=0, y=9 optimal path direction DOWN
WizardTD.Path @ x=0, y=8 Distance: 11
WizardTD.Path @ x=0, y=8 optimal path direction DOWN
WizardTD.Path @ x=0, y=7 Distance: 12
WizardTD.Path @ x=0, y=7 optimal path direction DOWN
WizardTD.Path @ x=0, y=6 Distance: 13
WizardTD.Path @ x=0, y=6 optimal path direction DOWN
WizardTD.Path @ x=0, y=5 Distance: 14
WizardTD.Path @ x=0, y=5 optimal path direction DOWN
WizardTD.Path @ x=0, y=4 Distance: 15
WizardTD.Path @ x=0, y=4 optimal path direction DOWN
WizardTD.Path @ x=0, y=3 Distance: 16
WizardTD.Path @ x=0, y=3 optimal path direction DOWN
WizardTD.Path @ x=0, y=2 Distance: 17
WizardTD.Path @ x=0, y=2 optimal path direction DOWN
WizardTD.Path @ x=0, y=1 Distance: 18
WizardTD.Path @ x=0, y=1 optimal path direction DOWN
WizardTD.Path @ x=9, y=9 Distance: 1
WizardTD.Path @ x=9, y=9 optimal path direction DOWN
WizardTD.Path @ x=9, y=8 Distance: 2
WizardTD.Path @ x=9, y=8 optimal path direction DOWN
WizardTD.Path @ x=9, y=7 Distance: 3
WizardTD.Path @ x=9, y=7 optimal path direction DOWN
WizardTD.Path @ x=9, y=6 Distance: 4
WizardTD.Path @ x=9, y=6 optimal path direction DOWN
WizardTD.Path @ x=9, y=5 Distance: 5
WizardTD.Path @ x=9, y=5 optimal path direction DOWN
WizardTD.Path @ x=9, y=4 Distance: 6
WizardTD.Path @ x=9, y=4 optimal path direction DOWN
WizardTD.Path @ x=9, y=3 Distance: 7
WizardTD.Path @ x=9, y=3 optimal path direction DOWN
WizardTD.Path @ x=9, y=2 Distance: 8
WizardTD.Path @ x=9, y=2 optimal path direction DOWN
WizardTD.Path @ x=9, y=1 Distance: 9
WizardTD.Path @ x=9, y=1 optimal path direction DOWN
WizardTD.Path @ x=9, y=0 Distance: 10
WizardTD.Path @ x=9, y=0 optimal path direction DOWN
WizardTD.Path @ x=10, y=0 Distance: 11
WizardTD.Path @ x=10, y=0 optimal path direction LEFT
WizardTD.Path @ x=11, y=0 Distance: 12
WizardTD.Path @ x=11, y=0 optimal path direction LEFT
WizardTD.Path @ x=12, y=0 Distance: 13
WizardTD.Path @ x=12, y=0 optimal path direction LEFT
WizardTD.Path @ x=13, y=0 Distance: 14
WizardTD.Path @ x=13, y=0 optimal path direction LEFT
WizardTD.Path @ x=14, y=0 Distance: 15
WizardTD.Path @ x=14, y=0 optimal path direction LEFT
WizardTD.Path @ x=15, y=0 Distance: 16
WizardTD.Path @ x=15, y=0 optimal path direction LEFT
WizardTD.Path @ x=16, y=0 Distance: 17
WizardTD.Path @ x=16, y=0 optimal path direction LEFT
WizardTD.Path @ x=17, y=0 Distance: 18
WizardTD.Path @ x=17, y=0 optimal path direction LEFT
WizardTD.Path @ x=18, y=0 Distance: 19
WizardTD.Path @ x=18, y=0 optimal path direction LEFT
WizardTD.Path @ x=8, y=0 Distance: 11
WizardTD.Path @ x=8, y=0 optimal path direction RIGHT
WizardTD.Path @ x=7, y=0 Distance: 12
WizardTD.Path @ x=7, y=0 optimal path direction RIGHT
WizardTD.Path @ x=6, y=0 Distance: 13
WizardTD.Path @ x=6, y=0 optimal path direction RIGHT
WizardTD.Path @ x=5, y=0 Distance: 14
WizardTD.Path @ x=5, y=0 optimal path direction RIGHT
WizardTD.Path @ x=4, y=0 Distance: 15
WizardTD.Path @ x=4, y=0 optimal path direction RIGHT
WizardTD.Path @ x=3, y=0 Distance: 16
WizardTD.Path @ x=3, y=0 optimal path direction RIGHT
WizardTD.Path @ x=2, y=0 Distance: 17
WizardTD.Path @ x=2, y=0 optimal path direction RIGHT
WizardTD.Path @ x=1, y=0 Distance: 18
WizardTD.Path @ x=1, y=0 optimal path direction RIGHT
Wave created
1800.0
upgraded range to 1 0 0 tower at (1, 1)
upgraded speed to 1 1 0 tower at (1, 1)
upgraded damage to 1 1 1 tower at (1, 1)
Created: 1 1 1 tower at (1, 1)
upgraded range to 2 1 1 tower at (1, 1)
upgraded speed to 2 2 1 tower at (1, 1)
upgraded damage to 2 2 2 tower at (1, 1)
Wave created
row 0 read
row 1 read
row 2 read
row 3 read
row 4 read
row 5 read
row 6 read
row 7 read
row 8 read
row 9 read
row 10 read
row 11 read
row 12 read
row 13 read
row 14 read
row 15 read
row 16 read
row 17 read
row 18 read
row 19 read
matrix made
WizardTD.Path @ x=0, y=1 is a spawn
WizardTD.Path @ x=0, y=1 assigned rotation
WizardTD.Path @ x=0, y=2 is a spawn
WizardTD.Path @ x=0, y=2 assigned rotation
WizardTD.Path @ x=0, y=3 is a spawn
WizardTD.Path @ x=0, y=3 assigned rotation
WizardTD.Path @ x=0, y=4 is a spawn
WizardTD.Path @ x=0, y=4 assigned rotation
WizardTD.Path @ x=0, y=5 is a spawn
WizardTD.Path @ x=0, y=5 assigned rotation
WizardTD.Path @ x=0, y=6 is a spawn
WizardTD.Path @ x=0, y=6 assigned rotation
WizardTD.Path @ x=0, y=7 is a spawn
WizardTD.Path @ x=0, y=7 assigned rotation
WizardTD.Path @ x=0, y=8 is a spawn
WizardTD.Path @ x=0, y=8 assigned rotation
WizardTD.Path @ x=0, y=9 is a spawn
WizardTD.Path @ x=0, y=9 assigned rotation
WizardTD.Path @ x=0, y=10 is a spawn
WizardTD.Path @ x=0, y=10 assigned rotation
WizardTD.Path @ x=0, y=11 is a spawn
WizardTD.Path @ x=0, y=11 assigned rotation
WizardTD.Path @ x=0, y=12 is a spawn
WizardTD.Path @ x=0, y=12 assigned rotation
WizardTD.Path @ x=0, y=13 is a spawn
WizardTD.Path @ x=0, y=13 assigned rotation
WizardTD.Path @ x=0, y=14 is a spawn
WizardTD.Path @ x=0, y=14 assigned rotation
WizardTD.Path @ x=0, y=15 is a spawn
WizardTD.Path @ x=0, y=15 assigned rotation
WizardTD.Path @ x=0, y=16 is a spawn
WizardTD.Path @ x=0, y=16 assigned rotation
WizardTD.Path @ x=0, y=17 is a spawn
WizardTD.Path @ x=0, y=17 assigned rotation
WizardTD.Path @ x=0, y=18 is a spawn
WizardTD.Path @ x=0, y=18 assigned rotation
WizardTD.Path @ x=1, y=0 is a spawn
WizardTD.Path @ x=1, y=0 assigned rotation
WizardTD.Path @ x=1, y=10 assigned rotation
WizardTD.Path @ x=1, y=19 is a spawn
WizardTD.Path @ x=1, y=19 assigned rotation
WizardTD.Path @ x=2, y=0 is a spawn
WizardTD.Path @ x=2, y=0 assigned rotation
WizardTD.Path @ x=2, y=10 assigned rotation
WizardTD.Path @ x=2, y=19 is a spawn
WizardTD.Path @ x=2, y=19 assigned rotation
WizardTD.Path @ x=3, y=0 is a spawn
WizardTD.Path @ x=3, y=0 assigned rotation
WizardTD.Path @ x=3, y=10 assigned rotation
WizardTD.Path @ x=3, y=19 is a spawn
WizardTD.Path @ x=3, y=19 assigned rotation
WizardTD.Path @ x=4, y=0 is a spawn
WizardTD.Path @ x=4, y=0 assigned rotation
WizardTD.Path @ x=4, y=10 assigned rotation
WizardTD.Path @ x=4, y=19 is a spawn
WizardTD.Path @ x=4, y=19 assigned rotation
WizardTD.Path @ x=5, y=0 is a spawn
WizardTD.Path @ x=5, y=0 assigned rotation
WizardTD.Path @ x=5, y=10 assigned rotation
WizardTD.Path @ x=5, y=19 is a spawn
WizardTD.Path @ x=5, y=19 assigned rotation
WizardTD.Path @ x=6, y=0 is a spawn
WizardTD.Path @ x=6, y=0 assigned rotation
WizardTD.Path @ x=6, y=10 assigned rotation
WizardTD.Path @ x=6, y=19 is a spawn
WizardTD.Path @ x=6, y=19 assigned rotation
WizardTD.Path @ x=7, y=0 is a spawn
WizardTD.Path @ x=7, y=0 assigned rotation
WizardTD.Path @ x=7, y=10 assigned rotation
WizardTD.Path @ x=7, y=19 is a spawn
WizardTD.Path @ x=7, y=19 assigned rotation
WizardTD.Path @ x=8, y=0 is a spawn
WizardTD.Path @ x=8, y=0 assigned rotation
WizardTD.Path @ x=8, y=10 assigned rotation
WizardTD.Path @ x=8, y=19 is a spawn
WizardTD.Path @ x=8, y=19 assigned rotation
WizardTD.Path @ x=9, y=0 is a spawn
WizardTD.Path @ x=9, y=0 assigned rotation
WizardTD.Path @ x=9, y=1 assigned rotation
WizardTD.Path @ x=9, y=2 assigned rotation
WizardTD.Path @ x=9, y=3 assigned rotation
WizardTD.Path @ x=9, y=4 assigned rotation
WizardTD.Path @ x=9, y=5 assigned rotation
WizardTD.Path @ x=9, y=6 assigned rotation
WizardTD.Path @ x=9, y=7 assigned rotation
WizardTD.Path @ x=9, y=8 assigned rotation
WizardTD.Path @ x=9, y=9 assigned rotation
WizardTD.Path @ x=9, y=11 assigned rotation
WizardTD.Path @ x=9, y=12 assigned rotation
WizardTD.Path @ x=9, y=13 assigned rotation
WizardTD.Path @ x=9, y=14 assigned rotation
WizardTD.Path @ x=9, y=15 assigned rotation
WizardTD.Path @ x=9, y=16 assigned rotation
WizardTD.Path @ x=9, y=17 assigned rotation
WizardTD.Path @ x=9, y=18 assigned rotation
WizardTD.Path @ x=9, y=19 is a spawn
WizardTD.Path @ x=9, y=19 assigned rotation
WizardTD.Path @ x=10, y=0 is a spawn
WizardTD.Path @ x=10, y=0 assigned rotation
WizardTD.Path @ x=10, y=10 assigned rotation
WizardTD.Path @ x=10, y=19 is a spawn
WizardTD.Path @ x=10, y=19 assigned rotation
WizardTD.Path @ x=11, y=0 is a spawn
WizardTD.Path @ x=11, y=0 assigned rotation
WizardTD.Path @ x=11, y=10 assigned rotation
WizardTD.Path @ x=11, y=19 is a spawn
WizardTD.Path @ x=11, y=19 assigned rotation
WizardTD.Path @ x=12, y=0 is a spawn
WizardTD.Path @ x=12, y=0 assigned rotation
WizardTD.Path @ x=12, y=10 assigned rotation
WizardTD.Path @ x=12, y=19 is a spawn
WizardTD.Path @ x=12, y=19 assigned rotation
WizardTD.Path @ x=13, y=0 is a spawn
WizardTD.Path @ x=13, y=0 assigned rotation
WizardTD.Path @ x=13, y=10 assigned rotation
WizardTD.Path @ x=13, y=19 is a spawn
WizardTD.Path @ x=13, y=19 assigned rotation
WizardTD.Path @ x=14, y=0 is a spawn
WizardTD.Path @ x=14, y=0 assigned rotation
WizardTD.Path @ x=14, y=10 assigned rotation
WizardTD.Path @ x=14, y=19 is a spawn
WizardTD.Path @ x=14, y=19 assigned rotation
WizardTD.Path @ x=15, y=0 is a spawn
WizardTD.Path @ x=15, y=0 assigned rotation
WizardTD.Path @ x=15, y=10 assigned rotation
WizardTD.Path @ x=15, y=19 is a spawn
WizardTD.Path @ x=15, y=19 assigned rotation
WizardTD.Path @ x=16, y=0 is a spawn
WizardTD.Path @ x=16, y=0 assigned rotation
WizardTD.Path @ x=16, y=10 assigned rotation
WizardTD.Path @ x=16, y=19 is a spawn
WizardTD.Path @ x=16, y=19 assigned rotation
WizardTD.Path @ x=17, y=0 is a spawn
WizardTD.Path @ x=17, y=0 assigned rotation
WizardTD.Path @ x=17, y=10 assigned rotation
WizardTD.Path @ x=17, y=19 is a spawn
WizardTD.Path @ x=17, y=19 assigned rotation
WizardTD.Path @ x=18, y=0 is a spawn
WizardTD.Path @ x=18, y=0 assigned rotation
WizardTD.Path @ x=18, y=10 assigned rotation
WizardTD.Path @ x=18, y=19 is a spawn
WizardTD.Path @ x=18, y=19 assigned rotation
WizardTD.Path @ x=19, y=1 is a spawn
WizardTD.Path @ x=19, y=1 assigned rotation
WizardTD.Path @ x=19, y=2 is a spawn
WizardTD.Path @ x=19, y=2 assigned rotation
WizardTD.Path @ x=19, y=3 is a spawn
WizardTD.Path @ x=19, y=3 assigned rotation
WizardTD.Path @ x=19, y=4 is a spawn
WizardTD.Path @ x=19, y=4 assigned rotation
WizardTD.Path @ x=19, y=5 is a spawn
WizardTD.Path @ x=19, y=5 assigned rotation
WizardTD.Path @ x=19, y=6 is a spawn
WizardTD.Path @ x=19, y=6 assigned rotation
WizardTD.Path @ x=19, y=7 is a spawn
WizardTD.Path @ x=19, y=7 assigned rotation
WizardTD.Path @ x=19, y=8 is a spawn
WizardTD.Path @ x=19, y=8 assigned rotation
WizardTD.Path @ x=19, y=9 is a spawn
WizardTD.Path @ x=19, y=9 assigned rotation
WizardTD.Path @ x=19, y=10 is a spawn
WizardTD.Path @ x=19, y=10 assigned rotation
WizardTD.Path @ x=19, y=11 is a spawn
WizardTD.Path @ x=19, y=11 assigned rotation
WizardTD.Path @ x=19, y=12 is a spawn
WizardTD.Path @ x=19, y=12 assigned rotation
WizardTD.Path @ x=19, y=13 is a spawn
WizardTD.Path @ x=19, y=13 assigned rotation
WizardTD.Path @ x=19, y=14 is a spawn
WizardTD.Path @ x=19, y=14 assigned rotation
WizardTD.Path @ x=19, y=15 is a spawn
WizardTD.Path @ x=19, y=15 assigned rotation
WizardTD.Path @ x=19, y=16 is a spawn
WizardTD.Path @ x=19, y=16 assigned rotation
WizardTD.Path @ x=19, y=17 is a spawn
WizardTD.Path @ x=19, y=17 assigned rotation
WizardTD.Path @ x=19, y=18 is a spawn
WizardTD.Path @ x=19, y=18 assigned rotation
Paths rotated
WizardTD.Path @ x=9, y=11 Distance: 1
WizardTD.Path @ x=9, y=11 optimal path direction UP
WizardTD.Path @ x=9, y=12 Distance: 2
WizardTD.Path @ x=9, y=12 optimal path direction UP
WizardTD.Path @ x=9, y=13 Distance: 3
WizardTD.Path @ x=9, y=13 optimal path direction UP
WizardTD.Path @ x=9, y=14 Distance: 4
WizardTD.Path @ x=9, y=14 optimal path direction UP
WizardTD.Path @ x=9, y=15 Distance: 5
WizardTD.Path @ x=9, y=15 optimal path direction UP
WizardTD.Path @ x=9, y=16 Distance: 6
WizardTD.Path @ x=9, y=16 optimal path direction UP
WizardTD.Path @ x=9, y=17 Distance: 7
WizardTD.Path @ x=9, y=17 optimal path direction UP
WizardTD.Path @ x=9, y=18 Distance: 8
WizardTD.Path @ x=9, y=18 optimal path direction UP
WizardTD.Path @ x=9, y=19 Distance: 9
WizardTD.Path @ x=9, y=19 optimal path direction UP
WizardTD.Path @ x=10, y=19 Distance: 10
WizardTD.Path @ x=10, y=19 optimal path direction LEFT
WizardTD.Path @ x=11, y=19 Distance: 11
WizardTD.Path @ x=11, y=19 optimal path direction LEFT
WizardTD.Path @ x=12, y=19 Distance: 12
WizardTD.Path @ x=12, y=19 optimal path direction LEFT
WizardTD.Path @ x=13, y=19 Distance: 13
WizardTD.Path @ x=13, y=19 optimal path direction LEFT
WizardTD.Path @ x=14, y=19 Distance: 14
WizardTD.Path @ x=14, y=19 optimal path direction LEFT
WizardTD.Path @ x=15, y=19 Distance: 15
WizardTD.Path @ x=15, y=19 optimal path direction LEFT
WizardTD.Path @ x=16, y=19 Distance: 16
WizardTD.Path @ x=16, y=19 optimal path direction LEFT
WizardTD.Path @ x=17, y=19 Distance: 17
WizardTD.Path @ x=17, y=19 optimal path direction LEFT
WizardTD.Path @ x=18, y=19 Distance: 18
WizardTD.Path @ x=18, y=19 optimal path direction LEFT
WizardTD.Path @ x=8, y=19 Distance: 10
WizardTD.Path @ x=8, y=19 optimal path direction RIGHT
WizardTD.Path @ x=7, y=19 Distance: 11
WizardTD.Path @ x=7, y=19 optimal path direction RIGHT
WizardTD.Path @ x=6, y=19 Distance: 12
WizardTD.Path @ x=6, y=19 optimal path direction RIGHT
WizardTD.Path @ x=5, y=19 Distance: 13
WizardTD.Path @ x=5, y=19 optimal path direction RIGHT
WizardTD.Path @ x=4, y=19 Distance: 14
WizardTD.Path @ x=4, y=19 optimal path direction RIGHT
WizardTD.Path @ x=3, y=19 Distance: 15
WizardTD.Path @ x=3, y=19 optimal path direction RIGHT
WizardTD.Path @ x=2, y=19 Distance: 16
WizardTD.Path @ x=2, y=19 optimal path direction RIGHT
WizardTD.Path @ x=1, y=19 Distance: 17
WizardTD.Path @ x=1, y=19 optimal path direction RIGHT
WizardTD.Path @ x=10, y=10 Distance: 1
WizardTD.Path @ x=10, y=10 optimal path direction LEFT
WizardTD.Path @ x=11, y=10 Distance: 2
WizardTD.Path @ x=11, y=10 optimal path direction LEFT
WizardTD.Path @ x=12, y=10 Distance: 3
WizardTD.Path @ x=12, y=10 optimal path direction LEFT
WizardTD.Path @ x=13, y=10 Distance: 4
WizardTD.Path @ x=13, y=10 optimal path direction LEFT
WizardTD.Path @ x=14, y=10 Distance: 5
WizardTD.Path @ x=14, y=10 optimal path direction LEFT
WizardTD.Path @ x=15, y=10 Distance: 6
WizardTD.Path @ x=15, y=10 optimal path direction LEFT
WizardTD.Path @ x=16, y=10 Distance: 7
WizardTD.Path @ x=16, y=10 optimal path direction LEFT
WizardTD.Path @ x=17, y=10 Distance: 8
WizardTD.Path @ x=17, y=10 optimal path direction LEFT
WizardTD.Path @ x=18, y=10 Distance: 9
WizardTD.Path @ x=18, y=10 optimal path direction LEFT
WizardTD.Path @ x=19, y=10 Distance: 10
WizardTD.Path @ x=19, y=10 optimal path direction LEFT
WizardTD.Path @ x=19, y=11 Distance: 11
WizardTD.Path @ x=19, y=11 optimal path direction UP
WizardTD.Path @ x=19, y=12 Distance: 12
WizardTD.Path @ x=19, y=12 optimal path direction UP
WizardTD.Path @ x=19, y=13 Distance: 13
WizardTD.Path @ x=19, y=13 optimal path direction UP
WizardTD.Path @ x=19, y=14 Distance: 14
WizardTD.Path @ x=19, y=14 optimal path direction UP
WizardTD.Path @ x=19, y=15 Distance: 15
WizardTD.Path @ x=19, y=15 optimal path direction UP
WizardTD.Path @ x=19, y=16 Distance: 16
WizardTD.Path @ x=19, y=16 optimal path direction UP
WizardTD.Path @ x=19, y=17 Distance: 17
WizardTD.Path @ x=19, y=17 optimal path direction UP
WizardTD.Path @ x=19, y=18 Distance: 18
WizardTD.Path @ x=19, y=18 optimal path direction UP
WizardTD.Path @ x=19, y=9 Distance: 11
WizardTD.Path @ x=19, y=9 optimal path direction DOWN
WizardTD.Path @ x=19, y=8 Distance: 12
WizardTD.Path @ x=19, y=8 optimal path direction DOWN
WizardTD.Path @ x=19, y=7 Distance: 13
WizardTD.Path @ x=19, y=7 optimal path direction DOWN
WizardTD.Path @ x=19, y=6 Distance: 14
WizardTD.Path @ x=19, y=6 optimal path direction DOWN
WizardTD.Path @ x=19, y=5 Distance: 15
WizardTD.Path @ x=19, y=5 optimal path direction DOWN
WizardTD.Path @ x=19, y=4 Distance: 16
WizardTD.Path @ x=19, y=4 optimal path direction DOWN
WizardTD.Path @ x=19, y=3 Distance: 17
WizardTD.Path @ x=19, y=3 optimal path direction DOWN
WizardTD.Path @ x=19, y=2 Distance: 18
WizardTD.Path @ x=19, y=2 optimal path direction DOWN
WizardTD.Path @ x=19, y=1 Distance: 19
WizardTD.Path @ x=19, y=1 optimal path direction DOWN
WizardTD.Path @ x=8, y=10 Distance: 1
WizardTD.Path @ x=8, y=10 optimal path direction RIGHT
WizardTD.Path @ x=7, y=10 Distance: 2
WizardTD.Path @ x=7, y=10 optimal path direction RIGHT
WizardTD.Path @ x=6, y=10 Distance: 3
WizardTD.Path @ x=6, y=10 optimal path direction RIGHT
WizardTD.Path @ x=5, y=10 Distance: 4
WizardTD.Path @ x=5, y=10 optimal path direction RIGHT
WizardTD.Path @ x=4, y=10 Distance: 5
WizardTD.Path @ x=4, y=10 optimal path direction RIGHT
WizardTD.Path @ x=3, y=10 Distance: 6
WizardTD.Path @ x=3, y=10 optimal path direction RIGHT
WizardTD.Path @ x=2, y=10 Distance: 7
WizardTD.Path @ x=2, y=10 optimal path direction RIGHT
WizardTD.Path @ x=1, y=10 Distance: 8
WizardTD.Path @ x=1, y=10 optimal path direction RIGHT
WizardTD.Path @ x=0, y=10 Distance: 9
WizardTD.Path @ x=0, y=10 optimal path direction RIGHT
WizardTD.Path @ x=0, y=11 Distance: 10
WizardTD.Path @ x=0, y=11 optimal path direction UP
WizardTD.Path @ x=0, y=12 Distance: 11
WizardTD.Path @ x=0, y=12 optimal path direction UP
WizardTD.Path @ x=0, y=13 Distance: 12
WizardTD.Path @ x=0, y=13 optimal path direction UP
WizardTD.Path @ x=0, y=14 Distance: 13
WizardTD.Path @ x=0, y=14 optimal path direction UP
WizardTD.Path @ x=0, y=15 Distance: 14
WizardTD.Path @ x=0, y=15 optimal path direction UP
WizardTD.Path @ x=0, y=16 Distance: 15
WizardTD.Path @ x=0, y=16 optimal path direction UP
WizardTD.Path @ x=0, y=17 Distance: 16
WizardTD.Path @ x=0, y=17 optimal path direction UP
WizardTD.Path @ x=0, y=18 Distance: 17
WizardTD.Path @ x=0, y=18 optimal path direction UP
WizardTD.Path @ x=0, y=9 Distance: 10
WizardTD.Path @ x=0, y=9 optimal path direction DOWN
WizardTD.Path @ x=0, y=8 Distance: 11
WizardTD.Path @ x=0, y=8 optimal path direction DOWN
WizardTD.Path @ x=0, y=7 Distance: 12
WizardTD.Path @ x=0, y=7 optimal path direction DOWN
WizardTD.Path @ x=0, y=6 Distance: 13
WizardTD.Path @ x=0, y=6 optimal path direction DOWN
WizardTD.Path @ x=0, y=5 Distance: 14
WizardTD.Path @ x=0, y=5 optimal path direction DOWN
WizardTD.Path @ x=0, y=4 Distance: 15
WizardTD.Path @ x=0, y=4 optimal path direction DOWN
WizardTD.Path @ x=0, y=3 Distance: 16
WizardTD.Path @ x=0, y=3 optimal path direction DOWN
WizardTD.Path @ x=0, y=2 Distance: 17
WizardTD.Path @ x=0, y=2 optimal path direction DOWN
WizardTD.Path @ x=0, y=1 Distance: 18
WizardTD.Path @ x=0, y=1 optimal path direction DOWN
WizardTD.Path @ x=9, y=9 Distance: 1
WizardTD.Path @ x=9, y=9 optimal path direction DOWN
WizardTD.Path @ x=9, y=8 Distance: 2
WizardTD.Path @ x=9, y=8 optimal path direction DOWN
WizardTD.Path @ x=9, y=7 Distance: 3
WizardTD.Path @ x=9, y=7 optimal path direction DOWN
WizardTD.Path @ x=9, y=6 Distance: 4
WizardTD.Path @ x=9, y=6 optimal path direction DOWN
WizardTD.Path @ x=9, y=5 Distance: 5
WizardTD.Path @ x=9, y=5 optimal path direction DOWN
WizardTD.Path @ x=9, y=4 Distance: 6
WizardTD.Path @ x=9, y=4 optimal path direction DOWN
WizardTD.Path @ x=9, y=3 Distance: 7
WizardTD.Path @ x=9, y=3 optimal path direction DOWN
WizardTD.Path @ x=9, y=2 Distance: 8
WizardTD.Path @ x=9, y=2 optimal path direction DOWN
WizardTD.Path @ x=9, y=1 Distance: 9
WizardTD.Path @ x=9, y=1 optimal path direction DOWN
WizardTD.Path @ x=9, y=0 Distance: 10
WizardTD.Path @ x=9, y=0 optimal path direction DOWN
WizardTD.Path @ x=10, y=0 Distance: 11
WizardTD.Path @ x=10, y=0 optimal path direction LEFT
WizardTD.Path @ x=11, y=0 Distance: 12
WizardTD.Path @ x=11, y=0 optimal path direction LEFT
WizardTD.Path @ x=12, y=0 Distance: 13
WizardTD.Path @ x=12, y=0 optimal path direction LEFT
WizardTD.Path @ x=13, y=0 Distance: 14
WizardTD.Path @ x=13, y=0 optimal path direction LEFT
WizardTD.Path @ x=14, y=0 Distance: 15
WizardTD.Path @ x=14, y=0 optimal path direction LEFT
WizardTD.Path @ x=15, y=0 Distance: 16
WizardTD.Path @ x=15, y=0 optimal path direction LEFT
WizardTD.Path @ x=16, y=0 Distance: 17
WizardTD.Path @ x=16, y=0 optimal path direction LEFT
WizardTD.Path @ x=17, y=0 Distance: 18
WizardTD.Path @ x=17, y=0 optimal path direction LEFT
WizardTD.Path @ x=18, y=0 Distance: 19
WizardTD.Path @ x=18, y=0 optimal path direction LEFT
WizardTD.Path @ x=8, y=0 Distance: 11
WizardTD.Path @ x=8, y=0 optimal path direction RIGHT
WizardTD.Path @ x=7, y=0 Distance: 12
WizardTD.Path @ x=7, y=0 optimal path direction RIGHT
WizardTD.Path @ x=6, y=0 Distance: 13
WizardTD.Path @ x=6, y=0 optimal path direction RIGHT
WizardTD.Path @ x=5, y=0 Distance: 14
WizardTD.Path @ x=5, y=0 optimal path direction RIGHT
WizardTD.Path @ x=4, y=0 Distance: 15
WizardTD.Path @ x=4, y=0 optimal path direction RIGHT
WizardTD.Path @ x=3, y=0 Distance: 16
WizardTD.Path @ x=3, y=0 optimal path direction RIGHT
WizardTD.Path @ x=2, y=0 Distance: 17
WizardTD.Path @ x=2, y=0 optimal path direction RIGHT
WizardTD.Path @ x=1, y=0 Distance: 18
WizardTD.Path @ x=1, y=0 optimal path direction RIGHT
Wave created
1800.0
upgraded range to 1 0 0 tower at (1, 1)
upgraded speed to 1 1 0 tower at (1, 1)
upgraded damage to 1 1 1 tower at (1, 1)
Created: 1 1 1 tower at (1, 1)
upgraded range to 2 1 1 tower at (1, 1)
upgraded speed to 2 2 1 tower at (1, 1)
upgraded damage to 2 2 2 tower at (1, 1)
]]></system-out>
  <system-err><![CDATA[]]></system-err>
</testsuite>
